2023-06-14 18:24:14.345 [info] Log level: Info
2023-06-14 18:24:14.346 [info] Validating found git in: "git"
2023-06-14 18:24:14.346 [info] Using git "2.34.1" from "git"
2023-06-14 18:24:14.346 [info] > git rev-parse --show-toplevel [5ms]
2023-06-14 18:24:14.346 [info] > git rev-parse --git-dir --git-common-dir [1ms]
2023-06-14 18:24:14.346 [info] Open repository: /home/salah/newapp
2023-06-14 18:24:14.346 [info] > git rev-parse --show-toplevel [5ms]
2023-06-14 18:24:14.346 [info] > git config --get commit.template [6ms]
2023-06-14 18:24:14.346 [info] No remotes found in the git config file.
2023-06-14 18:24:14.346 [info] > git rev-parse --show-toplevel [7ms]
2023-06-14 18:24:14.346 [info] > git for-each-ref --format=%(refname)%00%(upstream:short)%00%(objectname)%00%(upstream:track)%00%(upstream:remotename)%00%(upstream:remoteref) refs/heads/master refs/remotes/master [4ms]
2023-06-14 18:24:14.346 [info] > git status -z -uall --find-renames=50% [5ms]
2023-06-14 18:24:14.346 [info] No remotes found in the git config file.
2023-06-14 18:24:14.346 [info] > git config --get commit.template [4ms]
2023-06-14 18:24:14.346 [info] > git for-each-ref --format=%(refname)%00%(upstream:short)%00%(objectname)%00%(upstream:track)%00%(upstream:remotename)%00%(upstream:remoteref) refs/heads/master refs/remotes/master [1ms]
2023-06-14 18:24:14.346 [info] > git status -z -uall --find-renames=50% [4ms]
2023-06-14 18:24:14.490 [info] > git check-ignore -v -z --stdin [1ms]
2023-06-14 18:24:16.285 [info] > git show --textconv :src/App.js [23ms]
2023-06-14 18:24:16.288 [info] > git ls-files --stage -- /home/salah/newapp/src/App.js [4ms]
2023-06-14 18:24:16.319 [info] > git cat-file -s 37845757234ccb68531c10cf7a2ffc589c47e342 [10ms]
2023-06-14 18:27:27.891 [info] > git show --textconv :src/index.js [6ms]
2023-06-14 18:27:27.892 [info] > git ls-files --stage -- /home/salah/newapp/src/index.js [2ms]
2023-06-14 18:27:27.897 [info] > git cat-file -s d563c0fb10ba0e42724b21286eb546ee4e5734fc [2ms]
2023-06-14 18:27:29.367 [info] > git show --textconv :src/App.js [8ms]
2023-06-14 18:27:29.374 [info] > git ls-files --stage -- /home/salah/newapp/src/App.js [8ms]
2023-06-14 18:27:29.385 [info] > git cat-file -s 37845757234ccb68531c10cf7a2ffc589c47e342 [2ms]
2023-06-14 18:27:38.837 [info] No remotes found in the git config file.
2023-06-14 18:27:38.838 [info] > git config --get commit.template [5ms]
2023-06-14 18:27:38.838 [info] > git for-each-ref --format=%(refname)%00%(upstream:short)%00%(objectname)%00%(upstream:track)%00%(upstream:remotename)%00%(upstream:remoteref) refs/heads/master refs/remotes/master [2ms]
2023-06-14 18:27:38.847 [info] > git status -z -uall --find-renames=50% [5ms]
2023-06-14 18:27:59.904 [info] > git config --get commit.template [6ms]
2023-06-14 18:27:59.905 [info] No remotes found in the git config file.
2023-06-14 18:27:59.905 [info] > git for-each-ref --format=%(refname)%00%(upstream:short)%00%(objectname)%00%(upstream:track)%00%(upstream:remotename)%00%(upstream:remoteref) refs/heads/master refs/remotes/master [2ms]
2023-06-14 18:27:59.913 [info] > git status -z -uall --find-renames=50% [4ms]
2023-06-14 18:28:05.430 [info] No remotes found in the git config file.
2023-06-14 18:28:05.431 [info] > git config --get commit.template [5ms]
2023-06-14 18:28:05.432 [info] > git for-each-ref --format=%(refname)%00%(upstream:short)%00%(objectname)%00%(upstream:track)%00%(upstream:remotename)%00%(upstream:remoteref) refs/heads/master refs/remotes/master [2ms]
2023-06-14 18:28:05.439 [info] > git status -z -uall --find-renames=50% [4ms]
2023-06-14 18:28:10.450 [info] > git config --get commit.template [2ms]
2023-06-14 18:28:10.454 [info] No remotes found in the git config file.
2023-06-14 18:28:10.455 [info] > git for-each-ref --format=%(refname)%00%(upstream:short)%00%(objectname)%00%(upstream:track)%00%(upstream:remotename)%00%(upstream:remoteref) refs/heads/master refs/remotes/master [1ms]
2023-06-14 18:28:10.463 [info] > git status -z -uall --find-renames=50% [5ms]
2023-06-14 18:28:18.283 [info] No remotes found in the git config file.
2023-06-14 18:28:18.284 [info] > git config --get commit.template [5ms]
2023-06-14 18:28:18.284 [info] > git for-each-ref --format=%(refname)%00%(upstream:short)%00%(objectname)%00%(upstream:track)%00%(upstream:remotename)%00%(upstream:remoteref) refs/heads/master refs/remotes/master [1ms]
2023-06-14 18:28:18.293 [info] > git status -z -uall --find-renames=50% [4ms]
2023-06-14 18:28:27.784 [info] No remotes found in the git config file.
2023-06-14 18:28:27.785 [info] > git config --get commit.template [18ms]
2023-06-14 18:28:27.790 [info] > git for-each-ref --format=%(refname)%00%(upstream:short)%00%(objectname)%00%(upstream:track)%00%(upstream:remotename)%00%(upstream:remoteref) refs/heads/master refs/remotes/master [6ms]
2023-06-14 18:28:27.823 [info] > git status -z -uall --find-renames=50% [15ms]
2023-06-14 18:28:32.837 [info] No remotes found in the git config file.
2023-06-14 18:28:32.838 [info] > git config --get commit.template [5ms]
2023-06-14 18:28:32.838 [info] > git for-each-ref --format=%(refname)%00%(upstream:short)%00%(objectname)%00%(upstream:track)%00%(upstream:remotename)%00%(upstream:remoteref) refs/heads/master refs/remotes/master [1ms]
2023-06-14 18:28:32.846 [info] > git status -z -uall --find-renames=50% [5ms]
2023-06-14 18:28:40.332 [info] > git rev-parse --show-toplevel [5ms]
2023-06-14 18:28:40.332 [info] fatal: not a git repository (or any of the parent directories): .git
2023-06-14 18:28:54.904 [info] No remotes found in the git config file.
2023-06-14 18:28:54.905 [info] > git config --get commit.template [6ms]
2023-06-14 18:28:54.906 [info] > git for-each-ref --format=%(refname)%00%(upstream:short)%00%(objectname)%00%(upstream:track)%00%(upstream:remotename)%00%(upstream:remoteref) refs/heads/master refs/remotes/master [2ms]
2023-06-14 18:28:54.913 [info] > git status -z -uall --find-renames=50% [4ms]
2023-06-14 18:32:14.204 [info] > git config --get commit.template [2ms]
2023-06-14 18:32:14.208 [info] No remotes found in the git config file.
2023-06-14 18:32:14.209 [info] > git for-each-ref --format=%(refname)%00%(upstream:short)%00%(objectname)%00%(upstream:track)%00%(upstream:remotename)%00%(upstream:remoteref) refs/heads/master refs/remotes/master [1ms]
2023-06-14 18:32:14.217 [info] > git status -z -uall --find-renames=50% [4ms]
2023-06-14 18:32:19.226 [info] > git config --get commit.template [2ms]
2023-06-14 18:32:19.230 [info] No remotes found in the git config file.
2023-06-14 18:32:19.231 [info] > git for-each-ref --format=%(refname)%00%(upstream:short)%00%(objectname)%00%(upstream:track)%00%(upstream:remotename)%00%(upstream:remoteref) refs/heads/master refs/remotes/master [2ms]
2023-06-14 18:32:19.239 [info] > git status -z -uall --find-renames=50% [4ms]
