2023-06-17 13:20:12.989 [info] Log level: Info
2023-06-17 13:20:12.989 [info] Validating found git in: "git"
2023-06-17 13:20:12.989 [info] Using git "2.34.1" from "git"
2023-06-17 13:20:12.989 [info] > git rev-parse --show-toplevel [5ms]
2023-06-17 13:20:12.989 [info] fatal: not a git repository (or any of the parent directories): .git
2023-06-17 13:20:12.989 [info] > git rev-parse --show-toplevel [2ms]
2023-06-17 13:20:12.989 [info] fatal: not a git repository (or any of the parent directories): .git
2023-06-17 13:20:12.989 [info] > git rev-parse --show-toplevel [2ms]
2023-06-17 13:20:12.989 [info] fatal: not a git repository (or any of the parent directories): .git
2023-06-17 13:20:12.989 [info] > git rev-parse --show-toplevel [2ms]
2023-06-17 13:20:12.989 [info] fatal: not a git repository (or any of the parent directories): .git
2023-06-17 13:20:12.989 [info] > git rev-parse --show-toplevel [29ms]
2023-06-17 13:20:12.989 [info] fatal: not a git repository (or any of the parent directories): .git
2023-06-17 13:20:12.989 [info] > git rev-parse --show-toplevel [2ms]
2023-06-17 13:20:12.989 [info] > git rev-parse --git-dir --git-common-dir [2ms]
2023-06-17 13:20:12.989 [info] Open repository: /home/salah/.nvm
2023-06-17 13:20:12.989 [info] > git rev-parse --show-toplevel [6ms]
2023-06-17 13:20:12.989 [info] fatal: not a git repository (or any of the parent directories): .git
2023-06-17 13:20:12.989 [info] > git config --get commit.template [5ms]
2023-06-17 13:20:12.989 [info] > git rev-parse --show-toplevel [6ms]
2023-06-17 13:20:12.989 [info] fatal: not a git repository (or any of the parent directories): .git
2023-06-17 13:20:12.989 [info] > git for-each-ref --format %(refname) %(objectname) %(*objectname) refs/tags [6ms]
2023-06-17 13:20:12.989 [info] > git rev-parse --show-toplevel [6ms]
2023-06-17 13:20:12.989 [info] fatal: not a git repository (or any of the parent directories): .git
2023-06-17 13:20:12.989 [info] > git rev-parse --show-toplevel [2ms]
2023-06-17 13:20:12.989 [info] > git rev-parse --git-dir --git-common-dir [2ms]
2023-06-17 13:20:12.989 [info] Open repository: /home/salah/newapp
2023-06-17 13:20:12.989 [info] > git status -z -uall [26ms]
2023-06-17 13:20:12.989 [info] > git config --get commit.template [16ms]
2023-06-17 13:20:12.989 [info] > git rev-parse --show-toplevel [19ms]
2023-06-17 13:20:12.989 [info] fatal: not a git repository (or any of the parent directories): .git
2023-06-17 13:20:12.989 [info] > git config --get commit.template [10ms]
2023-06-17 13:20:12.989 [info] No remotes found in the git config file.
2023-06-17 13:20:12.989 [info] > git for-each-ref --format=%(refname)%00%(upstream:short)%00%(objectname)%00%(upstream:track)%00%(upstream:remotename)%00%(upstream:remoteref) refs/heads/master refs/remotes/master [22ms]
2023-06-17 13:20:12.989 [info] > git for-each-ref --format %(refname) %(objectname) %(*objectname) refs/tags [16ms]
2023-06-17 13:20:12.989 [info] > git status -z -uall [15ms]
2023-06-17 13:20:12.989 [info] > git status -z -uall [36ms]
2023-06-17 13:20:12.989 [info] > git config --get commit.template [3ms]
2023-06-17 13:20:12.989 [info] No remotes found in the git config file.
2023-06-17 13:20:12.989 [info] > git for-each-ref --format=%(refname)%00%(upstream:short)%00%(objectname)%00%(upstream:track)%00%(upstream:remotename)%00%(upstream:remoteref) refs/heads/master refs/remotes/master [2ms]
2023-06-17 13:20:12.989 [info] > git status -z -uall [1ms]
2023-06-17 13:20:12.989 [info] > git check-ignore -v -z --stdin [6ms]
2023-06-17 13:20:12.989 [info] > git check-ignore -v -z --stdin [2ms]
2023-06-17 13:21:05.330 [info] > git check-ignore -v -z --stdin [2ms]
2023-06-17 13:22:26.554 [info] > git rev-parse --show-toplevel [50ms]
2023-06-17 13:22:26.554 [info] fatal: not a git repository (or any of the parent directories): .git
2023-06-17 13:22:40.841 [info] > git rev-parse --show-toplevel [1ms]
2023-06-17 13:22:40.841 [info] fatal: not a git repository (or any of the parent directories): .git
2023-06-17 13:22:40.846 [info] > git rev-parse --show-toplevel [1ms]
2023-06-17 13:22:40.846 [info] fatal: not a git repository (or any of the parent directories): .git
2023-06-17 13:25:30.660 [info] > git rev-parse --show-toplevel [44ms]
2023-06-17 13:25:30.660 [info] fatal: not a git repository (or any of the parent directories): .git
2023-06-17 13:25:36.580 [info] > git rev-parse --show-toplevel [2ms]
2023-06-17 13:25:36.580 [info] fatal: not a git repository (or any of the parent directories): .git
2023-06-17 13:25:49.957 [info] > git rev-parse --show-toplevel [2ms]
2023-06-17 13:25:49.957 [info] fatal: not a git repository (or any of the parent directories): .git
2023-06-17 13:28:40.473 [info] > git rev-parse --show-toplevel [2ms]
2023-06-17 13:28:40.474 [info] fatal: not a git repository (or any of the parent directories): .git
2023-06-17 13:28:45.626 [info] > git rev-parse --show-toplevel [5ms]
2023-06-17 13:28:45.627 [info] fatal: not a git repository (or any of the parent directories): .git
2023-06-17 13:32:47.687 [info] > git rev-parse --show-toplevel [5ms]
2023-06-17 13:32:47.687 [info] fatal: not a git repository (or any of the parent directories): .git
2023-06-17 13:32:53.955 [info] > git rev-parse --show-toplevel [1ms]
2023-06-17 13:32:53.955 [info] fatal: not a git repository (or any of the parent directories): .git
2023-06-17 13:33:53.086 [info] > git rev-parse --show-toplevel [2ms]
2023-06-17 13:33:53.086 [info] fatal: not a git repository (or any of the parent directories): .git
2023-06-17 13:33:55.576 [info] > git rev-parse --show-toplevel [3ms]
2023-06-17 13:33:55.576 [info] fatal: not a git repository (or any of the parent directories): .git
2023-06-17 13:33:56.719 [info] > git rev-parse --show-toplevel [9ms]
2023-06-17 13:33:56.719 [info] fatal: not a git repository (or any of the parent directories): .git
2023-06-17 14:57:47.104 [info] > git rev-parse --show-toplevel [1ms]
2023-06-17 14:57:47.104 [info] fatal: not a git repository (or any of the parent directories): .git
