2023-06-19 12:53:15.497 [info] Log level: Info
2023-06-19 12:53:15.497 [info] Validating found git in: "git"
2023-06-19 12:53:15.497 [info] Using git "2.34.1" from "git"
2023-06-19 12:53:15.497 [info] > git rev-parse --show-toplevel [10ms]
2023-06-19 12:53:15.497 [info] fatal: not a git repository (or any of the parent directories): .git
2023-06-19 12:53:15.497 [info] > git rev-parse --show-toplevel [11ms]
2023-06-19 12:53:15.497 [info] fatal: not a git repository (or any of the parent directories): .git
2023-06-19 12:53:15.497 [info] > git rev-parse --show-toplevel [20ms]
2023-06-19 12:53:15.497 [info] fatal: not a git repository (or any of the parent directories): .git
2023-06-19 12:53:15.497 [info] > git rev-parse --show-toplevel [1ms]
2023-06-19 12:53:15.497 [info] fatal: not a git repository (or any of the parent directories): .git
2023-06-19 12:53:15.497 [info] > git rev-parse --show-toplevel [7ms]
2023-06-19 12:53:15.497 [info] fatal: not a git repository (or any of the parent directories): .git
2023-06-19 12:53:15.497 [info] > git rev-parse --show-toplevel [16ms]
2023-06-19 12:53:15.497 [info] > git rev-parse --git-dir --git-common-dir [11ms]
2023-06-19 12:53:15.497 [info] Open repository: /home/salah/.nvm
2023-06-19 12:53:15.497 [info] > git rev-parse --show-toplevel [18ms]
2023-06-19 12:53:15.497 [info] fatal: not a git repository (or any of the parent directories): .git
2023-06-19 12:53:15.497 [info] > git config --get commit.template [25ms]
2023-06-19 12:53:15.497 [info] > git rev-parse --show-toplevel [21ms]
2023-06-19 12:53:15.497 [info] fatal: not a git repository (or any of the parent directories): .git
2023-06-19 12:53:15.497 [info] > git for-each-ref --format %(refname) %(objectname) %(*objectname) refs/tags [15ms]
2023-06-19 12:53:15.497 [info] > git rev-parse --show-toplevel [38ms]
2023-06-19 12:53:15.497 [info] fatal: not a git repository (or any of the parent directories): .git
2023-06-19 12:53:15.497 [info] > git rev-parse --show-toplevel [7ms]
2023-06-19 12:53:15.497 [info] > git rev-parse --git-dir --git-common-dir [9ms]
2023-06-19 12:53:15.497 [info] Open repository: /home/salah/newapp
2023-06-19 12:53:15.497 [info] > git status -z -uall [118ms]
2023-06-19 12:53:15.497 [info] > git config --get commit.template [50ms]
2023-06-19 12:53:15.497 [info] > git rev-parse --show-toplevel [62ms]
2023-06-19 12:53:15.497 [info] fatal: not a git repository (or any of the parent directories): .git
2023-06-19 12:53:15.498 [info] > git config --get commit.template [13ms]
2023-06-19 12:53:15.498 [info] No remotes found in the git config file.
2023-06-19 12:53:15.498 [info] > git for-each-ref --format=%(refname)%00%(upstream:short)%00%(objectname)%00%(upstream:track)%00%(upstream:remotename)%00%(upstream:remoteref) refs/heads/master refs/remotes/master [24ms]
2023-06-19 12:53:15.498 [info] > git for-each-ref --format %(refname) %(objectname) %(*objectname) refs/tags [18ms]
2023-06-19 12:53:15.498 [info] > git status -z -uall [14ms]
2023-06-19 12:53:15.498 [info] > git config --get commit.template [1ms]
2023-06-19 12:53:15.498 [info] No remotes found in the git config file.
2023-06-19 12:53:15.498 [info] > git for-each-ref --format=%(refname)%00%(upstream:short)%00%(objectname)%00%(upstream:track)%00%(upstream:remotename)%00%(upstream:remoteref) refs/heads/master refs/remotes/master [1ms]
2023-06-19 12:53:15.498 [info] > git status -z -uall [80ms]
2023-06-19 12:53:15.498 [info] > git status -z -uall [11ms]
2023-06-19 12:53:15.498 [info] > git rev-parse --show-toplevel [49ms]
2023-06-19 12:53:15.498 [info] fatal: not a git repository (or any of the parent directories): .git
2023-06-19 12:53:15.498 [info] > git rev-parse --show-toplevel [4ms]
2023-06-19 12:53:15.498 [info] fatal: not a git repository (or any of the parent directories): .git
2023-06-19 12:53:15.498 [info] > git rev-parse --show-toplevel [32ms]
2023-06-19 12:53:15.498 [info] fatal: not a git repository (or any of the parent directories): .git
2023-06-19 12:53:15.498 [info] > git rev-parse --show-toplevel [27ms]
2023-06-19 12:53:15.498 [info] fatal: not a git repository (or any of the parent directories): .git
2023-06-19 12:53:15.498 [info] > git check-ignore -v -z --stdin [5ms]
2023-06-19 12:54:52.213 [info] > git check-ignore -v -z --stdin [1ms]
2023-06-19 12:55:00.959 [info] > git rev-parse --show-toplevel [1ms]
2023-06-19 12:55:00.960 [info] fatal: not a git repository (or any of the parent directories): .git
2023-06-19 12:55:00.964 [info] > git rev-parse --show-toplevel [1ms]
2023-06-19 12:55:00.964 [info] fatal: not a git repository (or any of the parent directories): .git
2023-06-19 12:59:28.717 [info] > git rev-parse --show-toplevel [1ms]
2023-06-19 12:59:28.722 [info] > git rev-parse --git-dir --git-common-dir [1ms]
2023-06-19 12:59:28.726 [info] Open repository: /home/salah/my-app
2023-06-19 12:59:28.736 [info] No remotes found in the git config file.
2023-06-19 12:59:28.737 [info] > git config --get commit.template [5ms]
2023-06-19 12:59:28.737 [info] > git for-each-ref --format=%(refname)%00%(upstream:short)%00%(objectname)%00%(upstream:track)%00%(upstream:remotename)%00%(upstream:remoteref) refs/heads/master refs/remotes/master [2ms]
2023-06-19 12:59:28.743 [info] > git status -z -uall [3ms]
2023-06-19 12:59:28.755 [info] No remotes found in the git config file.
2023-06-19 12:59:28.756 [info] > git config --get commit.template [5ms]
2023-06-19 12:59:28.756 [info] > git for-each-ref --format=%(refname)%00%(upstream:short)%00%(objectname)%00%(upstream:track)%00%(upstream:remotename)%00%(upstream:remoteref) refs/heads/master refs/remotes/master [1ms]
2023-06-19 12:59:28.761 [info] > git status -z -uall [1ms]
2023-06-19 12:59:29.277 [info] > git show --textconv :src/components/secondpage/SecondPage.js [6ms]
2023-06-19 12:59:29.277 [info] > git ls-files --stage -- /home/salah/my-app/src/components/secondpage/SecondPage.js [2ms]
2023-06-19 12:59:29.362 [info] > git check-ignore -v -z --stdin [10ms]
2023-06-19 12:59:29.363 [info] > git check-ignore -v -z --stdin [7ms]
2023-06-19 12:59:29.363 [info] > git check-ignore -v -z --stdin [3ms]
2023-06-19 13:00:04.214 [info] No remotes found in the git config file.
2023-06-19 13:00:04.215 [info] > git config --get commit.template [5ms]
2023-06-19 13:00:04.215 [info] > git for-each-ref --format=%(refname)%00%(upstream:short)%00%(objectname)%00%(upstream:track)%00%(upstream:remotename)%00%(upstream:remoteref) refs/heads/master refs/remotes/master [1ms]
2023-06-19 13:00:04.220 [info] > git status -z -uall [2ms]
2023-06-19 13:00:04.385 [info] > git ls-files --stage -- /home/salah/my-app/src/components/secondpage/SecondPage.js [1ms]
2023-06-19 13:00:04.390 [info] > git cat-file -s 364aee260670c75cf8c84f01ec262e5d9c02b81e [1ms]
2023-06-19 13:00:04.466 [info] > git show --textconv :src/components/secondpage/SecondPage.js [1ms]
2023-06-19 13:00:22.738 [info] No remotes found in the git config file.
2023-06-19 13:00:22.738 [info] > git config --get commit.template [5ms]
2023-06-19 13:00:22.739 [info] > git for-each-ref --format=%(refname)%00%(upstream:short)%00%(objectname)%00%(upstream:track)%00%(upstream:remotename)%00%(upstream:remoteref) refs/heads/master refs/remotes/master [1ms]
2023-06-19 13:00:22.745 [info] > git status -z -uall [2ms]
2023-06-19 13:00:22.907 [info] > git ls-files --stage -- /home/salah/my-app/src/components/secondpage/SecondPage.js [1ms]
2023-06-19 13:00:22.911 [info] > git cat-file -s 364aee260670c75cf8c84f01ec262e5d9c02b81e [1ms]
2023-06-19 13:00:22.987 [info] > git show --textconv :src/components/secondpage/SecondPage.js [2ms]
2023-06-19 13:01:08.117 [info] > git config --get commit.template [5ms]
2023-06-19 13:01:08.118 [info] > git for-each-ref --format=%(refname)%00%(upstream:short)%00%(objectname)%00%(upstream:track)%00%(upstream:remotename)%00%(upstream:remoteref) refs/heads/master refs/remotes/master [2ms]
2023-06-19 13:01:08.123 [info] > git status -z -uall [2ms]
2023-06-19 13:01:08.283 [info] > git ls-files --stage -- /home/salah/my-app/src/components/secondpage/SecondPage.js [1ms]
2023-06-19 13:01:08.288 [info] > git cat-file -s 364aee260670c75cf8c84f01ec262e5d9c02b81e [1ms]
2023-06-19 13:01:08.368 [info] > git show --textconv :src/components/secondpage/SecondPage.js [2ms]
2023-06-19 13:01:50.601 [info] > git config --get commit.template [5ms]
2023-06-19 13:01:50.601 [info] > git for-each-ref --format=%(refname)%00%(upstream:short)%00%(objectname)%00%(upstream:track)%00%(upstream:remotename)%00%(upstream:remoteref) refs/heads/master refs/remotes/master [1ms]
2023-06-19 13:01:50.607 [info] > git status -z -uall [1ms]
2023-06-19 13:01:50.769 [info] > git ls-files --stage -- /home/salah/my-app/src/components/secondpage/SecondPage.js [1ms]
2023-06-19 13:01:50.774 [info] > git cat-file -s 364aee260670c75cf8c84f01ec262e5d9c02b81e [2ms]
2023-06-19 13:01:50.850 [info] > git show --textconv :src/components/secondpage/SecondPage.js [1ms]
2023-06-19 13:05:10.728 [info] > git check-ignore -v -z --stdin [1ms]
2023-06-19 13:05:12.671 [info] > git check-ignore -v -z --stdin [1ms]
2023-06-19 13:05:14.152 [info] > git check-ignore -v -z --stdin [2ms]
2023-06-19 13:09:06.559 [info] > git rev-parse --show-toplevel [8ms]
2023-06-19 13:09:06.560 [info] fatal: not a git repository (or any of the parent directories): .git
2023-06-19 13:10:29.946 [info] > git config --get commit.template [6ms]
2023-06-19 13:10:29.947 [info] > git for-each-ref --format=%(refname)%00%(upstream:short)%00%(objectname)%00%(upstream:track)%00%(upstream:remotename)%00%(upstream:remoteref) refs/heads/master refs/remotes/master [1ms]
2023-06-19 13:10:29.952 [info] > git status -z -uall [1ms]
2023-06-19 13:10:35.823 [info] > git config --get commit.template [4ms]
2023-06-19 13:10:35.823 [info] > git for-each-ref --format=%(refname)%00%(upstream:short)%00%(objectname)%00%(upstream:track)%00%(upstream:remotename)%00%(upstream:remoteref) refs/heads/master refs/remotes/master [1ms]
2023-06-19 13:10:35.828 [info] > git status -z -uall [1ms]
2023-06-19 13:11:48.679 [info] > git rev-parse --show-toplevel [1ms]
2023-06-19 13:11:48.684 [info] > git rev-parse --git-dir --git-common-dir [1ms]
2023-06-19 13:11:48.687 [info] Open repository: /home/salah
2023-06-19 13:11:48.697 [info] No remotes found in the git config file.
2023-06-19 13:11:48.697 [info] > git config --get commit.template [5ms]
2023-06-19 13:11:48.698 [info] > git for-each-ref --format=%(refname)%00%(upstream:short)%00%(objectname)%00%(upstream:track)%00%(upstream:remotename)%00%(upstream:remoteref) refs/heads/master refs/remotes/master [2ms]
2023-06-19 13:11:48.979 [info] > git status -z -uall [275ms] (cancelled)
2023-06-19 13:11:48.980 [info] > git check-ignore -v -z --stdin [3ms]
2023-06-19 13:11:49.241 [info] > git show --textconv :test.js [5ms]
2023-06-19 13:11:49.243 [info] > git ls-files --stage -- /home/salah/test.js [1ms]
2023-06-19 13:11:49.376 [info] > git check-ignore -v -z --stdin [14ms]
2023-06-19 13:11:49.377 [info] > git check-ignore -v -z --stdin [10ms]
2023-06-19 13:11:49.377 [info] > git check-ignore -v -z --stdin [6ms]
2023-06-19 13:11:49.377 [info] > git check-ignore -v -z --stdin [2ms]
2023-06-19 13:12:06.636 [info] > git config --get commit.template [23ms]
2023-06-19 13:12:06.647 [info] No remotes found in the git config file.
2023-06-19 13:12:06.661 [info] > git for-each-ref --format=%(refname)%00%(upstream:short)%00%(objectname)%00%(upstream:track)%00%(upstream:remotename)%00%(upstream:remoteref) refs/heads/master refs/remotes/master [15ms]
2023-06-19 13:12:07.020 [info] > git status -z -uall [345ms] (cancelled)
