2023-06-14 20:47:45.258 [info] Log level: Info
2023-06-14 20:47:45.258 [info] Validating found git in: "git"
2023-06-14 20:47:45.258 [info] Using git "2.34.1" from "git"
2023-06-14 20:47:45.258 [info] > git rev-parse --show-toplevel [5ms]
2023-06-14 20:47:45.258 [info] fatal: not a git repository (or any of the parent directories): .git
2023-06-14 20:47:45.258 [info] > git rev-parse --show-toplevel [2ms]
2023-06-14 20:47:45.258 [info] fatal: not a git repository (or any of the parent directories): .git
2023-06-14 20:47:45.258 [info] > git rev-parse --show-toplevel [2ms]
2023-06-14 20:47:45.258 [info] fatal: not a git repository (or any of the parent directories): .git
2023-06-14 20:47:45.258 [info] > git rev-parse --show-toplevel [1ms]
2023-06-14 20:47:45.258 [info] fatal: not a git repository (or any of the parent directories): .git
2023-06-14 20:47:45.258 [info] > git rev-parse --show-toplevel [1ms]
2023-06-14 20:47:45.258 [info] > git rev-parse --git-dir --git-common-dir [0ms]
2023-06-14 20:47:45.258 [info] Open repository: /home/salah/.nvm
2023-06-14 20:47:45.258 [info] > git rev-parse --show-toplevel [5ms]
2023-06-14 20:47:45.258 [info] fatal: not a git repository (or any of the parent directories): .git
2023-06-14 20:47:45.258 [info] > git config --get commit.template [5ms]
2023-06-14 20:47:45.258 [info] > git rev-parse --show-toplevel [6ms]
2023-06-14 20:47:45.258 [info] fatal: not a git repository (or any of the parent directories): .git
2023-06-14 20:47:45.258 [info] > git for-each-ref --format %(refname) %(objectname) %(*objectname) refs/tags [5ms]
2023-06-14 20:47:45.258 [info] > git rev-parse --show-toplevel [6ms]
2023-06-14 20:47:45.258 [info] fatal: not a git repository (or any of the parent directories): .git
2023-06-14 20:47:45.258 [info] > git rev-parse --show-toplevel [3ms]
2023-06-14 20:47:45.258 [info] > git rev-parse --git-dir --git-common-dir [2ms]
2023-06-14 20:47:45.258 [info] Open repository: /home/salah/newapp
2023-06-14 20:47:45.258 [info] > git status -z -uall --find-renames=50% [26ms]
2023-06-14 20:47:45.258 [info] > git config --get commit.template [11ms]
2023-06-14 20:47:45.258 [info] > git rev-parse --show-toplevel [15ms]
2023-06-14 20:47:45.258 [info] fatal: not a git repository (or any of the parent directories): .git
2023-06-14 20:47:45.258 [info] > git config --get commit.template [5ms]
2023-06-14 20:47:45.258 [info] No remotes found in the git config file.
2023-06-14 20:47:45.258 [info] > git for-each-ref --format=%(refname)%00%(upstream:short)%00%(objectname)%00%(upstream:track)%00%(upstream:remotename)%00%(upstream:remoteref) refs/heads/master refs/remotes/master [5ms]
2023-06-14 20:47:45.258 [info] > git status -z -uall --find-renames=50% [12ms]
2023-06-14 20:47:45.258 [info] > git for-each-ref --format %(refname) %(objectname) %(*objectname) refs/tags [22ms]
2023-06-14 20:47:45.258 [info] > git status -z -uall --find-renames=50% [23ms]
2023-06-14 20:47:45.258 [info] > git config --get commit.template [17ms]
2023-06-14 20:47:45.258 [info] No remotes found in the git config file.
2023-06-14 20:47:45.258 [info] > git for-each-ref --format=%(refname)%00%(upstream:short)%00%(objectname)%00%(upstream:track)%00%(upstream:remotename)%00%(upstream:remoteref) refs/heads/master refs/remotes/master [19ms]
2023-06-14 20:47:45.258 [info] > git status -z -uall --find-renames=50% [7ms]
2023-06-14 20:47:45.258 [info] > git check-ignore -v -z --stdin [5ms]
2023-06-14 20:47:45.258 [info] > git check-ignore -v -z --stdin [2ms]
2023-06-14 20:47:45.258 [info] > git rev-parse --show-toplevel [3ms]
2023-06-14 20:47:45.258 [info] fatal: not a git repository (or any of the parent directories): .git
2023-06-14 20:47:45.258 [info] > git rev-parse --show-toplevel [6ms]
2023-06-14 20:47:45.258 [info] fatal: not a git repository (or any of the parent directories): .git
2023-06-14 20:47:45.258 [info] > git rev-parse --show-toplevel [50ms]
2023-06-14 20:47:45.258 [info] fatal: not a git repository (or any of the parent directories): .git
2023-06-14 20:47:45.258 [info] > git rev-parse --show-toplevel [17ms]
2023-06-14 20:47:45.258 [info] fatal: not a git repository (or any of the parent directories): .git
2023-06-14 20:47:55.450 [info] > git check-ignore -v -z --stdin [1ms]
2023-06-14 20:48:07.947 [info] > git check-ignore -v -z --stdin [1ms]
2023-06-14 20:48:13.779 [info] > git rev-parse --show-toplevel [17ms]
2023-06-14 20:48:13.779 [info] fatal: not a git repository (or any of the parent directories): .git
2023-06-14 20:51:23.599 [info] > git check-ignore -v -z --stdin [12ms]
2023-06-14 20:51:24.134 [info] No remotes found in the git config file.
2023-06-14 20:51:24.136 [info] > git config --get commit.template [30ms]
2023-06-14 20:51:24.147 [info] > git for-each-ref --format=%(refname)%00%(upstream:short)%00%(objectname)%00%(upstream:track)%00%(upstream:remotename)%00%(upstream:remoteref) refs/heads/master refs/remotes/master [13ms]
2023-06-14 20:51:24.193 [info] > git status -z -uall --find-renames=50% [24ms]
2023-06-14 20:51:24.618 [info] > git ls-files --stage -- /home/salah/newapp/src/Chart.js [1ms]
2023-06-14 20:51:24.627 [info] > git show --textconv :src/Chart.js [20ms]
2023-06-14 20:51:29.205 [info] No remotes found in the git config file.
2023-06-14 20:51:29.206 [info] > git config --get commit.template [5ms]
2023-06-14 20:51:29.206 [info] > git for-each-ref --format=%(refname)%00%(upstream:short)%00%(objectname)%00%(upstream:track)%00%(upstream:remotename)%00%(upstream:remoteref) refs/heads/master refs/remotes/master [2ms]
2023-06-14 20:51:29.214 [info] > git status -z -uall --find-renames=50% [5ms]
2023-06-14 20:52:03.688 [info] > git show --textconv :src/App.js [6ms]
2023-06-14 20:52:03.688 [info] > git ls-files --stage -- /home/salah/newapp/src/App.js [2ms]
2023-06-14 20:52:03.695 [info] > git cat-file -s 37845757234ccb68531c10cf7a2ffc589c47e342 [3ms]
2023-06-14 20:52:14.414 [info] No remotes found in the git config file.
2023-06-14 20:52:14.415 [info] > git config --get commit.template [17ms]
2023-06-14 20:52:14.416 [info] > git for-each-ref --format=%(refname)%00%(upstream:short)%00%(objectname)%00%(upstream:track)%00%(upstream:remotename)%00%(upstream:remoteref) refs/heads/master refs/remotes/master [2ms]
2023-06-14 20:52:14.438 [info] > git status -z -uall --find-renames=50% [5ms]
2023-06-14 20:53:26.048 [info] No remotes found in the git config file.
2023-06-14 20:53:26.050 [info] > git config --get commit.template [9ms]
2023-06-14 20:53:26.056 [info] > git for-each-ref --format=%(refname)%00%(upstream:short)%00%(objectname)%00%(upstream:track)%00%(upstream:remotename)%00%(upstream:remoteref) refs/heads/master refs/remotes/master [8ms]
2023-06-14 20:53:26.067 [info] > git status -z -uall --find-renames=50% [7ms]
2023-06-14 20:53:31.079 [info] No remotes found in the git config file.
2023-06-14 20:53:31.080 [info] > git config --get commit.template [5ms]
2023-06-14 20:53:31.080 [info] > git for-each-ref --format=%(refname)%00%(upstream:short)%00%(objectname)%00%(upstream:track)%00%(upstream:remotename)%00%(upstream:remoteref) refs/heads/master refs/remotes/master [1ms]
2023-06-14 20:53:31.088 [info] > git status -z -uall --find-renames=50% [4ms]
2023-06-14 20:53:36.101 [info] No remotes found in the git config file.
2023-06-14 20:53:36.102 [info] > git config --get commit.template [5ms]
2023-06-14 20:53:36.102 [info] > git for-each-ref --format=%(refname)%00%(upstream:short)%00%(objectname)%00%(upstream:track)%00%(upstream:remotename)%00%(upstream:remoteref) refs/heads/master refs/remotes/master [1ms]
2023-06-14 20:53:36.110 [info] > git status -z -uall --find-renames=50% [4ms]
2023-06-14 20:57:07.922 [info] No remotes found in the git config file.
2023-06-14 20:57:07.923 [info] > git config --get commit.template [12ms]
2023-06-14 20:57:07.928 [info] > git for-each-ref --format=%(refname)%00%(upstream:short)%00%(objectname)%00%(upstream:track)%00%(upstream:remotename)%00%(upstream:remoteref) refs/heads/master refs/remotes/master [6ms]
2023-06-14 20:57:07.942 [info] > git status -z -uall --find-renames=50% [9ms]
2023-06-14 20:57:14.416 [info] No remotes found in the git config file.
2023-06-14 20:57:14.417 [info] > git config --get commit.template [6ms]
2023-06-14 20:57:14.417 [info] > git for-each-ref --format=%(refname)%00%(upstream:short)%00%(objectname)%00%(upstream:track)%00%(upstream:remotename)%00%(upstream:remoteref) refs/heads/master refs/remotes/master [2ms]
2023-06-14 20:57:14.425 [info] > git status -z -uall --find-renames=50% [4ms]
2023-06-14 21:06:25.421 [info] No remotes found in the git config file.
2023-06-14 21:06:25.422 [info] > git config --get commit.template [5ms]
2023-06-14 21:06:25.422 [info] > git for-each-ref --format=%(refname)%00%(upstream:short)%00%(objectname)%00%(upstream:track)%00%(upstream:remotename)%00%(upstream:remoteref) refs/heads/master refs/remotes/master [1ms]
2023-06-14 21:06:25.430 [info] > git status -z -uall --find-renames=50% [4ms]
2023-06-14 21:06:30.442 [info] No remotes found in the git config file.
2023-06-14 21:06:30.443 [info] > git config --get commit.template [5ms]
2023-06-14 21:06:30.443 [info] > git for-each-ref --format=%(refname)%00%(upstream:short)%00%(objectname)%00%(upstream:track)%00%(upstream:remotename)%00%(upstream:remoteref) refs/heads/master refs/remotes/master [1ms]
2023-06-14 21:06:30.451 [info] > git status -z -uall --find-renames=50% [5ms]
2023-06-14 21:10:02.388 [info] No remotes found in the git config file.
2023-06-14 21:10:02.389 [info] > git config --get commit.template [5ms]
2023-06-14 21:10:02.389 [info] > git for-each-ref --format=%(refname)%00%(upstream:short)%00%(objectname)%00%(upstream:track)%00%(upstream:remotename)%00%(upstream:remoteref) refs/heads/master refs/remotes/master [2ms]
2023-06-14 21:10:02.397 [info] > git status -z -uall --find-renames=50% [5ms]
2023-06-14 21:10:26.276 [info] No remotes found in the git config file.
2023-06-14 21:10:26.277 [info] > git config --get commit.template [5ms]
2023-06-14 21:10:26.277 [info] > git for-each-ref --format=%(refname)%00%(upstream:short)%00%(objectname)%00%(upstream:track)%00%(upstream:remotename)%00%(upstream:remoteref) refs/heads/master refs/remotes/master [1ms]
2023-06-14 21:10:26.285 [info] > git status -z -uall --find-renames=50% [4ms]
2023-06-14 21:17:59.183 [info] No remotes found in the git config file.
2023-06-14 21:17:59.184 [info] > git config --get commit.template [5ms]
2023-06-14 21:17:59.185 [info] > git for-each-ref --format=%(refname)%00%(upstream:short)%00%(objectname)%00%(upstream:track)%00%(upstream:remotename)%00%(upstream:remoteref) refs/heads/master refs/remotes/master [2ms]
2023-06-14 21:17:59.193 [info] > git status -z -uall --find-renames=50% [4ms]
2023-06-14 21:19:20.819 [info] No remotes found in the git config file.
2023-06-14 21:19:20.820 [info] > git config --get commit.template [6ms]
2023-06-14 21:19:20.820 [info] > git for-each-ref --format=%(refname)%00%(upstream:short)%00%(objectname)%00%(upstream:track)%00%(upstream:remotename)%00%(upstream:remoteref) refs/heads/master refs/remotes/master [1ms]
2023-06-14 21:19:20.828 [info] > git status -z -uall --find-renames=50% [4ms]
2023-06-14 21:20:22.319 [info] No remotes found in the git config file.
2023-06-14 21:20:22.320 [info] > git config --get commit.template [5ms]
2023-06-14 21:20:22.320 [info] > git for-each-ref --format=%(refname)%00%(upstream:short)%00%(objectname)%00%(upstream:track)%00%(upstream:remotename)%00%(upstream:remoteref) refs/heads/master refs/remotes/master [1ms]
2023-06-14 21:20:22.325 [info] > git status -z -uall --find-renames=50% [1ms]
2023-06-14 21:22:15.508 [info] > git show --textconv :package.json [7ms]
2023-06-14 21:22:15.511 [info] > git ls-files --stage -- /home/salah/newapp/package.json [4ms]
2023-06-14 21:22:15.531 [info] > git cat-file -s f7902b8d0a2047836292a713c1bbd62be0ae22f3 [15ms]
2023-06-14 21:23:19.264 [info] No remotes found in the git config file.
2023-06-14 21:23:19.265 [info] > git config --get commit.template [10ms]
2023-06-14 21:23:19.265 [info] > git for-each-ref --format=%(refname)%00%(upstream:short)%00%(objectname)%00%(upstream:track)%00%(upstream:remotename)%00%(upstream:remoteref) refs/heads/master refs/remotes/master [1ms]
2023-06-14 21:23:19.272 [info] > git status -z -uall --find-renames=50% [1ms]
2023-06-14 21:23:24.287 [info] No remotes found in the git config file.
2023-06-14 21:23:24.288 [info] > git for-each-ref --format=%(refname)%00%(upstream:short)%00%(objectname)%00%(upstream:track)%00%(upstream:remotename)%00%(upstream:remoteref) refs/heads/master refs/remotes/master [3ms]
2023-06-14 21:23:24.288 [info] > git config --get commit.template [7ms]
2023-06-14 21:23:24.294 [info] > git status -z -uall --find-renames=50% [2ms]
2023-06-14 21:23:29.306 [info] No remotes found in the git config file.
2023-06-14 21:23:29.306 [info] > git config --get commit.template [5ms]
2023-06-14 21:23:29.307 [info] > git for-each-ref --format=%(refname)%00%(upstream:short)%00%(objectname)%00%(upstream:track)%00%(upstream:remotename)%00%(upstream:remoteref) refs/heads/master refs/remotes/master [2ms]
2023-06-14 21:23:29.312 [info] > git status -z -uall --find-renames=50% [1ms]
2023-06-14 21:23:58.555 [info] No remotes found in the git config file.
2023-06-14 21:23:58.556 [info] > git config --get commit.template [5ms]
2023-06-14 21:23:58.557 [info] > git for-each-ref --format=%(refname)%00%(upstream:short)%00%(objectname)%00%(upstream:track)%00%(upstream:remotename)%00%(upstream:remoteref) refs/heads/master refs/remotes/master [1ms]
2023-06-14 21:23:58.562 [info] > git status -z -uall --find-renames=50% [1ms]
2023-06-14 21:24:09.411 [info] No remotes found in the git config file.
2023-06-14 21:24:09.414 [info] > git config --get commit.template [7ms]
2023-06-14 21:24:09.414 [info] > git for-each-ref --format=%(refname)%00%(upstream:short)%00%(objectname)%00%(upstream:track)%00%(upstream:remotename)%00%(upstream:remoteref) refs/heads/master refs/remotes/master [3ms]
2023-06-14 21:24:09.424 [info] > git status -z -uall --find-renames=50% [3ms]
2023-06-14 21:27:57.784 [info] No remotes found in the git config file.
2023-06-14 21:27:57.785 [info] > git config --get commit.template [5ms]
2023-06-14 21:27:57.786 [info] > git for-each-ref --format=%(refname)%00%(upstream:short)%00%(objectname)%00%(upstream:track)%00%(upstream:remotename)%00%(upstream:remoteref) refs/heads/master refs/remotes/master [2ms]
2023-06-14 21:27:57.791 [info] > git status -z -uall --find-renames=50% [1ms]
2023-06-14 21:28:04.956 [info] No remotes found in the git config file.
2023-06-14 21:28:04.957 [info] > git config --get commit.template [5ms]
2023-06-14 21:28:04.957 [info] > git for-each-ref --format=%(refname)%00%(upstream:short)%00%(objectname)%00%(upstream:track)%00%(upstream:remotename)%00%(upstream:remoteref) refs/heads/master refs/remotes/master [1ms]
2023-06-14 21:28:04.963 [info] > git status -z -uall --find-renames=50% [2ms]
2023-06-14 21:28:09.633 [info] > git ls-files --stage -- /home/salah/newapp/package-lock.json [2ms]
2023-06-14 21:28:09.639 [info] > git cat-file -s 186cfec861167a079f9fe872a048dfea2dcc66af [1ms]
2023-06-14 21:28:09.642 [info] > git show --textconv :package-lock.json [18ms]
2023-06-14 21:28:09.973 [info] > git config --get commit.template [1ms]
2023-06-14 21:28:09.977 [info] No remotes found in the git config file.
2023-06-14 21:28:09.978 [info] > git for-each-ref --format=%(refname)%00%(upstream:short)%00%(objectname)%00%(upstream:track)%00%(upstream:remotename)%00%(upstream:remoteref) refs/heads/master refs/remotes/master [1ms]
2023-06-14 21:28:09.984 [info] > git status -z -uall --find-renames=50% [1ms]
2023-06-14 21:36:05.178 [info] No remotes found in the git config file.
2023-06-14 21:36:05.179 [info] > git config --get commit.template [6ms]
2023-06-14 21:36:05.180 [info] > git for-each-ref --format=%(refname)%00%(upstream:short)%00%(objectname)%00%(upstream:track)%00%(upstream:remotename)%00%(upstream:remoteref) refs/heads/master refs/remotes/master [2ms]
2023-06-14 21:36:05.186 [info] > git status -z -uall --find-renames=50% [1ms]
2023-06-14 21:36:10.745 [info] No remotes found in the git config file.
2023-06-14 21:36:10.746 [info] > git config --get commit.template [6ms]
2023-06-14 21:36:10.747 [info] > git for-each-ref --format=%(refname)%00%(upstream:short)%00%(objectname)%00%(upstream:track)%00%(upstream:remotename)%00%(upstream:remoteref) refs/heads/master refs/remotes/master [3ms]
2023-06-14 21:36:10.753 [info] > git status -z -uall --find-renames=50% [2ms]
2023-06-14 21:38:11.692 [info] No remotes found in the git config file.
2023-06-14 21:38:11.693 [info] > git config --get commit.template [7ms]
2023-06-14 21:38:11.693 [info] > git for-each-ref --format=%(refname)%00%(upstream:short)%00%(objectname)%00%(upstream:track)%00%(upstream:remotename)%00%(upstream:remoteref) refs/heads/master refs/remotes/master [1ms]
2023-06-14 21:38:11.700 [info] > git status -z -uall --find-renames=50% [3ms]
2023-06-14 21:38:22.661 [info] No remotes found in the git config file.
2023-06-14 21:38:22.662 [info] > git config --get commit.template [13ms]
2023-06-14 21:38:22.667 [info] > git for-each-ref --format=%(refname)%00%(upstream:short)%00%(objectname)%00%(upstream:track)%00%(upstream:remotename)%00%(upstream:remoteref) refs/heads/master refs/remotes/master [6ms]
2023-06-14 21:38:22.687 [info] > git status -z -uall --find-renames=50% [9ms]
2023-06-14 21:38:30.444 [info] No remotes found in the git config file.
2023-06-14 21:38:30.445 [info] > git config --get commit.template [6ms]
2023-06-14 21:38:30.445 [info] > git for-each-ref --format=%(refname)%00%(upstream:short)%00%(objectname)%00%(upstream:track)%00%(upstream:remotename)%00%(upstream:remoteref) refs/heads/master refs/remotes/master [1ms]
2023-06-14 21:38:30.451 [info] > git status -z -uall --find-renames=50% [2ms]
2023-06-14 21:38:35.464 [info] No remotes found in the git config file.
2023-06-14 21:38:35.465 [info] > git config --get commit.template [5ms]
2023-06-14 21:38:35.465 [info] > git for-each-ref --format=%(refname)%00%(upstream:short)%00%(objectname)%00%(upstream:track)%00%(upstream:remotename)%00%(upstream:remoteref) refs/heads/master refs/remotes/master [2ms]
2023-06-14 21:38:35.470 [info] > git status -z -uall --find-renames=50% [1ms]
2023-06-14 21:40:15.798 [info] No remotes found in the git config file.
2023-06-14 21:40:15.799 [info] > git config --get commit.template [6ms]
2023-06-14 21:40:15.799 [info] > git for-each-ref --format=%(refname)%00%(upstream:short)%00%(objectname)%00%(upstream:track)%00%(upstream:remotename)%00%(upstream:remoteref) refs/heads/master refs/remotes/master [2ms]
2023-06-14 21:40:15.805 [info] > git status -z -uall --find-renames=50% [2ms]
2023-06-14 21:40:20.820 [info] No remotes found in the git config file.
2023-06-14 21:40:20.820 [info] > git config --get commit.template [6ms]
2023-06-14 21:40:20.822 [info] > git for-each-ref --format=%(refname)%00%(upstream:short)%00%(objectname)%00%(upstream:track)%00%(upstream:remotename)%00%(upstream:remoteref) refs/heads/master refs/remotes/master [3ms]
2023-06-14 21:40:20.827 [info] > git status -z -uall --find-renames=50% [1ms]
2023-06-14 21:40:46.924 [info] No remotes found in the git config file.
2023-06-14 21:40:46.925 [info] > git config --get commit.template [6ms]
2023-06-14 21:40:46.925 [info] > git for-each-ref --format=%(refname)%00%(upstream:short)%00%(objectname)%00%(upstream:track)%00%(upstream:remotename)%00%(upstream:remoteref) refs/heads/master refs/remotes/master [1ms]
2023-06-14 21:40:46.933 [info] > git status -z -uall --find-renames=50% [2ms]
2023-06-14 21:40:51.946 [info] No remotes found in the git config file.
2023-06-14 21:40:51.947 [info] > git config --get commit.template [6ms]
2023-06-14 21:40:51.947 [info] > git for-each-ref --format=%(refname)%00%(upstream:short)%00%(objectname)%00%(upstream:track)%00%(upstream:remotename)%00%(upstream:remoteref) refs/heads/master refs/remotes/master [1ms]
2023-06-14 21:40:51.953 [info] > git status -z -uall --find-renames=50% [2ms]
2023-06-14 21:40:56.966 [info] No remotes found in the git config file.
2023-06-14 21:40:56.967 [info] > git config --get commit.template [6ms]
2023-06-14 21:40:56.967 [info] > git for-each-ref --format=%(refname)%00%(upstream:short)%00%(objectname)%00%(upstream:track)%00%(upstream:remotename)%00%(upstream:remoteref) refs/heads/master refs/remotes/master [1ms]
2023-06-14 21:40:56.973 [info] > git status -z -uall --find-renames=50% [2ms]
2023-06-14 21:41:01.982 [info] > git config --get commit.template [2ms]
2023-06-14 21:41:01.987 [info] No remotes found in the git config file.
2023-06-14 21:41:01.988 [info] > git for-each-ref --format=%(refname)%00%(upstream:short)%00%(objectname)%00%(upstream:track)%00%(upstream:remotename)%00%(upstream:remoteref) refs/heads/master refs/remotes/master [1ms]
2023-06-14 21:41:01.993 [info] > git status -z -uall --find-renames=50% [1ms]
2023-06-14 21:41:07.027 [info] No remotes found in the git config file.
2023-06-14 21:41:07.028 [info] > git config --get commit.template [15ms]
2023-06-14 21:41:07.029 [info] > git for-each-ref --format=%(refname)%00%(upstream:short)%00%(objectname)%00%(upstream:track)%00%(upstream:remotename)%00%(upstream:remoteref) refs/heads/master refs/remotes/master [1ms]
2023-06-14 21:41:07.036 [info] > git status -z -uall --find-renames=50% [2ms]
2023-06-14 21:42:47.521 [info] No remotes found in the git config file.
2023-06-14 21:42:47.521 [info] > git config --get commit.template [6ms]
2023-06-14 21:42:47.522 [info] > git for-each-ref --format=%(refname)%00%(upstream:short)%00%(objectname)%00%(upstream:track)%00%(upstream:remotename)%00%(upstream:remoteref) refs/heads/master refs/remotes/master [2ms]
2023-06-14 21:42:47.527 [info] > git status -z -uall --find-renames=50% [1ms]
2023-06-14 21:42:52.541 [info] No remotes found in the git config file.
2023-06-14 21:42:52.542 [info] > git config --get commit.template [8ms]
2023-06-14 21:42:52.544 [info] > git for-each-ref --format=%(refname)%00%(upstream:short)%00%(objectname)%00%(upstream:track)%00%(upstream:remotename)%00%(upstream:remoteref) refs/heads/master refs/remotes/master [3ms]
2023-06-14 21:42:52.551 [info] > git status -z -uall --find-renames=50% [2ms]
2023-06-14 21:43:56.261 [info] No remotes found in the git config file.
2023-06-14 21:43:56.263 [info] > git config --get commit.template [20ms]
2023-06-14 21:43:56.264 [info] > git for-each-ref --format=%(refname)%00%(upstream:short)%00%(objectname)%00%(upstream:track)%00%(upstream:remotename)%00%(upstream:remoteref) refs/heads/master refs/remotes/master [2ms]
2023-06-14 21:43:56.290 [info] > git status -z -uall --find-renames=50% [4ms]
2023-06-14 21:44:01.304 [info] No remotes found in the git config file.
2023-06-14 21:44:01.304 [info] > git config --get commit.template [5ms]
2023-06-14 21:44:01.305 [info] > git for-each-ref --format=%(refname)%00%(upstream:short)%00%(objectname)%00%(upstream:track)%00%(upstream:remotename)%00%(upstream:remoteref) refs/heads/master refs/remotes/master [2ms]
2023-06-14 21:44:01.310 [info] > git status -z -uall --find-renames=50% [1ms]
2023-06-14 21:44:35.830 [info] No remotes found in the git config file.
2023-06-14 21:44:35.831 [info] > git config --get commit.template [6ms]
2023-06-14 21:44:35.831 [info] > git for-each-ref --format=%(refname)%00%(upstream:short)%00%(objectname)%00%(upstream:track)%00%(upstream:remotename)%00%(upstream:remoteref) refs/heads/master refs/remotes/master [1ms]
2023-06-14 21:44:35.837 [info] > git status -z -uall --find-renames=50% [0ms]
2023-06-14 21:44:59.806 [info] No remotes found in the git config file.
2023-06-14 21:44:59.807 [info] > git config --get commit.template [6ms]
2023-06-14 21:44:59.807 [info] > git for-each-ref --format=%(refname)%00%(upstream:short)%00%(objectname)%00%(upstream:track)%00%(upstream:remotename)%00%(upstream:remoteref) refs/heads/master refs/remotes/master [1ms]
2023-06-14 21:44:59.813 [info] > git status -z -uall --find-renames=50% [2ms]
2023-06-14 21:45:05.800 [info] No remotes found in the git config file.
2023-06-14 21:45:05.800 [info] > git config --get commit.template [6ms]
2023-06-14 21:45:05.801 [info] > git for-each-ref --format=%(refname)%00%(upstream:short)%00%(objectname)%00%(upstream:track)%00%(upstream:remotename)%00%(upstream:remoteref) refs/heads/master refs/remotes/master [2ms]
2023-06-14 21:45:05.806 [info] > git status -z -uall --find-renames=50% [1ms]
2023-06-14 21:45:10.845 [info] No remotes found in the git config file.
2023-06-14 21:45:10.846 [info] > git config --get commit.template [22ms]
2023-06-14 21:45:10.847 [info] > git for-each-ref --format=%(refname)%00%(upstream:short)%00%(objectname)%00%(upstream:track)%00%(upstream:remotename)%00%(upstream:remoteref) refs/heads/master refs/remotes/master [2ms]
2023-06-14 21:45:10.852 [info] > git status -z -uall --find-renames=50% [1ms]
2023-06-14 21:45:20.822 [info] No remotes found in the git config file.
2023-06-14 21:45:20.823 [info] > git config --get commit.template [7ms]
2023-06-14 21:45:20.825 [info] > git for-each-ref --format=%(refname)%00%(upstream:short)%00%(objectname)%00%(upstream:track)%00%(upstream:remotename)%00%(upstream:remoteref) refs/heads/master refs/remotes/master [3ms]
2023-06-14 21:45:20.832 [info] > git status -z -uall --find-renames=50% [2ms]
2023-06-14 21:45:28.906 [info] > git config --get commit.template [1ms]
2023-06-14 21:45:28.912 [info] No remotes found in the git config file.
2023-06-14 21:45:28.914 [info] > git for-each-ref --format=%(refname)%00%(upstream:short)%00%(objectname)%00%(upstream:track)%00%(upstream:remotename)%00%(upstream:remoteref) refs/heads/master refs/remotes/master [2ms]
2023-06-14 21:45:28.920 [info] > git status -z -uall --find-renames=50% [1ms]
2023-06-14 21:45:33.932 [info] No remotes found in the git config file.
2023-06-14 21:45:33.933 [info] > git config --get commit.template [6ms]
2023-06-14 21:45:33.934 [info] > git for-each-ref --format=%(refname)%00%(upstream:short)%00%(objectname)%00%(upstream:track)%00%(upstream:remotename)%00%(upstream:remoteref) refs/heads/master refs/remotes/master [2ms]
2023-06-14 21:45:33.939 [info] > git status -z -uall --find-renames=50% [2ms]
2023-06-14 21:45:38.952 [info] No remotes found in the git config file.
2023-06-14 21:45:38.953 [info] > git config --get commit.template [6ms]
2023-06-14 21:45:38.953 [info] > git for-each-ref --format=%(refname)%00%(upstream:short)%00%(objectname)%00%(upstream:track)%00%(upstream:remotename)%00%(upstream:remoteref) refs/heads/master refs/remotes/master [1ms]
2023-06-14 21:45:38.958 [info] > git status -z -uall --find-renames=50% [1ms]
2023-06-14 21:45:50.264 [info] No remotes found in the git config file.
2023-06-14 21:45:50.264 [info] > git config --get commit.template [6ms]
2023-06-14 21:45:50.265 [info] > git for-each-ref --format=%(refname)%00%(upstream:short)%00%(objectname)%00%(upstream:track)%00%(upstream:remotename)%00%(upstream:remoteref) refs/heads/master refs/remotes/master [2ms]
2023-06-14 21:45:50.270 [info] > git status -z -uall --find-renames=50% [1ms]
2023-06-14 21:45:58.445 [info] No remotes found in the git config file.
2023-06-14 21:45:58.446 [info] > git config --get commit.template [6ms]
2023-06-14 21:45:58.446 [info] > git for-each-ref --format=%(refname)%00%(upstream:short)%00%(objectname)%00%(upstream:track)%00%(upstream:remotename)%00%(upstream:remoteref) refs/heads/master refs/remotes/master [1ms]
2023-06-14 21:45:58.452 [info] > git status -z -uall --find-renames=50% [2ms]
2023-06-14 21:46:03.464 [info] No remotes found in the git config file.
2023-06-14 21:46:03.465 [info] > git config --get commit.template [6ms]
2023-06-14 21:46:03.465 [info] > git for-each-ref --format=%(refname)%00%(upstream:short)%00%(objectname)%00%(upstream:track)%00%(upstream:remotename)%00%(upstream:remoteref) refs/heads/master refs/remotes/master [1ms]
2023-06-14 21:46:03.471 [info] > git status -z -uall --find-renames=50% [2ms]
2023-06-14 21:46:09.446 [info] No remotes found in the git config file.
2023-06-14 21:46:09.447 [info] > git config --get commit.template [5ms]
2023-06-14 21:46:09.447 [info] > git for-each-ref --format=%(refname)%00%(upstream:short)%00%(objectname)%00%(upstream:track)%00%(upstream:remotename)%00%(upstream:remoteref) refs/heads/master refs/remotes/master [1ms]
2023-06-14 21:46:09.453 [info] > git status -z -uall --find-renames=50% [1ms]
2023-06-14 21:46:14.467 [info] No remotes found in the git config file.
2023-06-14 21:46:14.467 [info] > git config --get commit.template [6ms]
2023-06-14 21:46:14.468 [info] > git for-each-ref --format=%(refname)%00%(upstream:short)%00%(objectname)%00%(upstream:track)%00%(upstream:remotename)%00%(upstream:remoteref) refs/heads/master refs/remotes/master [2ms]
2023-06-14 21:46:14.473 [info] > git status -z -uall --find-renames=50% [1ms]
2023-06-14 21:46:19.522 [info] No remotes found in the git config file.
2023-06-14 21:46:19.523 [info] > git config --get commit.template [6ms]
2023-06-14 21:46:19.524 [info] > git for-each-ref --format=%(refname)%00%(upstream:short)%00%(objectname)%00%(upstream:track)%00%(upstream:remotename)%00%(upstream:remoteref) refs/heads/master refs/remotes/master [1ms]
2023-06-14 21:46:19.529 [info] > git status -z -uall --find-renames=50% [1ms]
2023-06-14 21:46:24.542 [info] No remotes found in the git config file.
2023-06-14 21:46:24.543 [info] > git config --get commit.template [6ms]
2023-06-14 21:46:24.544 [info] > git for-each-ref --format=%(refname)%00%(upstream:short)%00%(objectname)%00%(upstream:track)%00%(upstream:remotename)%00%(upstream:remoteref) refs/heads/master refs/remotes/master [1ms]
2023-06-14 21:46:24.549 [info] > git status -z -uall --find-renames=50% [1ms]
2023-06-14 21:48:01.968 [info] No remotes found in the git config file.
2023-06-14 21:48:01.969 [info] > git config --get commit.template [7ms]
2023-06-14 21:48:01.969 [info] > git for-each-ref --format=%(refname)%00%(upstream:short)%00%(objectname)%00%(upstream:track)%00%(upstream:remotename)%00%(upstream:remoteref) refs/heads/master refs/remotes/master [2ms]
2023-06-14 21:48:01.975 [info] > git status -z -uall --find-renames=50% [2ms]
2023-06-14 21:48:45.715 [info] No remotes found in the git config file.
2023-06-14 21:48:45.716 [info] > git config --get commit.template [6ms]
2023-06-14 21:48:45.716 [info] > git for-each-ref --format=%(refname)%00%(upstream:short)%00%(objectname)%00%(upstream:track)%00%(upstream:remotename)%00%(upstream:remoteref) refs/heads/master refs/remotes/master [1ms]
2023-06-14 21:48:45.722 [info] > git status -z -uall --find-renames=50% [2ms]
2023-06-14 21:48:52.178 [info] No remotes found in the git config file.
2023-06-14 21:48:52.180 [info] > git config --get commit.template [6ms]
2023-06-14 21:48:52.180 [info] > git for-each-ref --format=%(refname)%00%(upstream:short)%00%(objectname)%00%(upstream:track)%00%(upstream:remotename)%00%(upstream:remoteref) refs/heads/master refs/remotes/master [2ms]
2023-06-14 21:48:52.187 [info] > git status -z -uall --find-renames=50% [1ms]
