2023-06-15 12:13:05.551 [info] Log level: Info
2023-06-15 12:13:05.551 [info] Validating found git in: "git"
2023-06-15 12:13:05.551 [info] Using git "2.34.1" from "git"
2023-06-15 12:13:05.551 [info] > git rev-parse --show-toplevel [5ms]
2023-06-15 12:13:05.551 [info] fatal: not a git repository (or any of the parent directories): .git
2023-06-15 12:13:05.551 [info] > git rev-parse --show-toplevel [2ms]
2023-06-15 12:13:05.551 [info] fatal: not a git repository (or any of the parent directories): .git
2023-06-15 12:13:05.551 [info] > git rev-parse --show-toplevel [2ms]
2023-06-15 12:13:05.551 [info] fatal: not a git repository (or any of the parent directories): .git
2023-06-15 12:13:05.551 [info] > git rev-parse --show-toplevel [1ms]
2023-06-15 12:13:05.551 [info] fatal: not a git repository (or any of the parent directories): .git
2023-06-15 12:13:05.551 [info] > git rev-parse --show-toplevel [1ms]
2023-06-15 12:13:05.551 [info] fatal: not a git repository (or any of the parent directories): .git
2023-06-15 12:13:05.551 [info] > git rev-parse --show-toplevel [1ms]
2023-06-15 12:13:05.551 [info] > git rev-parse --git-dir --git-common-dir [1ms]
2023-06-15 12:13:05.551 [info] Open repository: /home/salah/.nvm
2023-06-15 12:13:05.551 [info] > git config --get commit.template [10ms]
2023-06-15 12:13:05.551 [info] > git rev-parse --show-toplevel [15ms]
2023-06-15 12:13:05.551 [info] fatal: not a git repository (or any of the parent directories): .git
2023-06-15 12:13:05.551 [info] > git rev-parse --show-toplevel [6ms]
2023-06-15 12:13:05.551 [info] fatal: not a git repository (or any of the parent directories): .git
2023-06-15 12:13:05.551 [info] > git for-each-ref --format %(refname) %(objectname) %(*objectname) refs/tags [6ms]
2023-06-15 12:13:05.551 [info] > git rev-parse --show-toplevel [6ms]
2023-06-15 12:13:05.551 [info] > git rev-parse --git-dir --git-common-dir [2ms]
2023-06-15 12:13:05.551 [info] Open repository: /home/salah/newapp
2023-06-15 12:13:05.551 [info] > git status -z -uall --find-renames=50% [24ms]
2023-06-15 12:13:05.551 [info] > git config --get commit.template [12ms]
2023-06-15 12:13:05.551 [info] > git rev-parse --show-toplevel [17ms]
2023-06-15 12:13:05.551 [info] fatal: not a git repository (or any of the parent directories): .git
2023-06-15 12:13:05.551 [info] > git config --get commit.template [5ms]
2023-06-15 12:13:05.551 [info] No remotes found in the git config file.
2023-06-15 12:13:05.551 [info] > git for-each-ref --format=%(refname)%00%(upstream:short)%00%(objectname)%00%(upstream:track)%00%(upstream:remotename)%00%(upstream:remoteref) refs/heads/master refs/remotes/master [5ms]
2023-06-15 12:13:05.551 [info] > git for-each-ref --format %(refname) %(objectname) %(*objectname) refs/tags [6ms]
2023-06-15 12:13:05.551 [info] > git status -z -uall --find-renames=50% [6ms]
2023-06-15 12:13:05.551 [info] No remotes found in the git config file.
2023-06-15 12:13:05.551 [info] > git status -z -uall --find-renames=50% [20ms]
2023-06-15 12:13:05.551 [info] > git config --get commit.template [9ms]
2023-06-15 12:13:05.551 [info] > git for-each-ref --format=%(refname)%00%(upstream:short)%00%(objectname)%00%(upstream:track)%00%(upstream:remotename)%00%(upstream:remoteref) refs/heads/master refs/remotes/master [3ms]
2023-06-15 12:13:05.551 [info] > git status -z -uall --find-renames=50% [1ms]
2023-06-15 12:13:05.551 [info] > git rev-parse --show-toplevel [1ms]
2023-06-15 12:13:05.551 [info] fatal: not a git repository (or any of the parent directories): .git
2023-06-15 12:13:05.551 [info] > git rev-parse --show-toplevel [14ms]
2023-06-15 12:13:05.551 [info] fatal: not a git repository (or any of the parent directories): .git
2023-06-15 12:13:05.551 [info] > git rev-parse --show-toplevel [1ms]
2023-06-15 12:13:05.551 [info] fatal: not a git repository (or any of the parent directories): .git
2023-06-15 12:13:05.551 [info] > git check-ignore -v -z --stdin [6ms]
2023-06-15 12:13:05.551 [info] > git check-ignore -v -z --stdin [2ms]
2023-06-15 12:20:35.394 [info] > git check-ignore -v -z --stdin [1ms]
2023-06-15 12:20:41.753 [info] > git rev-parse --show-toplevel [3ms]
2023-06-15 12:20:41.753 [info] fatal: not a git repository (or any of the parent directories): .git
2023-06-15 12:28:53.087 [info] > git rev-parse --show-toplevel [1ms]
2023-06-15 12:28:53.087 [info] fatal: not a git repository (or any of the parent directories): .git
2023-06-15 12:29:04.396 [info] > git rev-parse --show-toplevel [1ms]
2023-06-15 12:29:04.396 [info] fatal: not a git repository (or any of the parent directories): .git
2023-06-15 12:29:51.842 [info] > git rev-parse --show-toplevel [2ms]
2023-06-15 12:29:51.842 [info] fatal: not a git repository (or any of the parent directories): .git
2023-06-15 12:29:56.632 [info] > git rev-parse --show-toplevel [1ms]
2023-06-15 12:29:56.632 [info] fatal: not a git repository (or any of the parent directories): .git
2023-06-15 12:29:58.135 [info] > git rev-parse --show-toplevel [2ms]
2023-06-15 12:29:58.135 [info] fatal: not a git repository (or any of the parent directories): .git
2023-06-15 12:32:22.259 [info] > git rev-parse --show-toplevel [1ms]
2023-06-15 12:32:22.259 [info] fatal: not a git repository (or any of the parent directories): .git
2023-06-15 12:41:56.548 [info] > git rev-parse --show-toplevel [2ms]
2023-06-15 12:41:56.548 [info] fatal: not a git repository (or any of the parent directories): .git
2023-06-15 12:41:57.018 [info] > git rev-parse --show-toplevel [1ms]
2023-06-15 12:41:57.018 [info] fatal: not a git repository (or any of the parent directories): .git
