2023-06-17 12:54:53.546 [info] Extension host with pid 127969 started
2023-06-17 12:54:53.567 [info] Lock '/home/salah/.vscode-server/data/User/workspaceStorage/f6e15f5b556c6103e4734190b1f3baa9/vscode.lock': Lock acquired.
2023-06-17 12:54:54.206 [info] ExtensionService#_doActivateExtension vscode.emmet, startup: false, activationEvent: 'onLanguage'
2023-06-17 12:54:55.208 [info] ExtensionService#_doActivateExtension vscode.git-base, startup: true, activationEvent: '*', root cause: vscode.git
2023-06-17 12:54:55.213 [info] ExtensionService#_doActivateExtension vscode.npm, startup: true, activationEvent: 'workspaceContains:package.json'
2023-06-17 12:54:55.699 [info] ExtensionService#_doActivateExtension vscode.git, startup: true, activationEvent: '*'
2023-06-17 12:54:55.699 [info] ExtensionService#_doActivateExtension vscode.github, startup: true, activationEvent: '*'
2023-06-17 12:54:56.808 [info] Eager extensions activated
2023-06-17 12:54:56.809 [info] ExtensionService#_doActivateExtension vscode.debug-auto-launch, startup: false, activationEvent: 'onStartupFinished'
2023-06-17 12:54:56.810 [info] ExtensionService#_doActivateExtension vscode.merge-conflict, startup: false, activationEvent: 'onStartupFinished'
2023-06-17 13:02:42.641 [info] Extension host terminating: received terminate message from renderer
2023-06-17 13:02:42.641 [info] Lock '/home/salah/.vscode-server/data/User/workspaceStorage/f6e15f5b556c6103e4734190b1f3baa9/vscode.lock': Marking the lockfile as scheduled to be released in 6000 ms.
2023-06-17 13:02:42.663 [error] Canceled: Canceled
	at new l (/home/salah/.vscode-server/bin/695af097c7bd098fbf017ce3ac85e09bbc5dda06/out/vs/workbench/api/node/extensionHostProcess.js:100:105905)
	at s.O (/home/salah/.vscode-server/bin/695af097c7bd098fbf017ce3ac85e09bbc5dda06/out/vs/workbench/api/node/extensionHostProcess.js:112:11754)
	at Proxy.z.<computed>.H.charCodeAt.z.<computed> (/home/salah/.vscode-server/bin/695af097c7bd098fbf017ce3ac85e09bbc5dda06/out/vs/workbench/api/node/extensionHostProcess.js:112:9029)
	at e.ExtHostCommands.g (/home/salah/.vscode-server/bin/695af097c7bd098fbf017ce3ac85e09bbc5dda06/out/vs/workbench/api/node/extensionHostProcess.js:100:130078)
	at e.ExtHostCommands.executeCommand (/home/salah/.vscode-server/bin/695af097c7bd098fbf017ce3ac85e09bbc5dda06/out/vs/workbench/api/node/extensionHostProcess.js:100:129454)
	at k.registerCommand.description (/home/salah/.vscode-server/bin/695af097c7bd098fbf017ce3ac85e09bbc5dda06/out/vs/workbench/api/node/extensionHostProcess.js:100:128747)
	at e.ExtHostCommands.h (/home/salah/.vscode-server/bin/695af097c7bd098fbf017ce3ac85e09bbc5dda06/out/vs/workbench/api/node/extensionHostProcess.js:100:130664)
	at e.ExtHostCommands.g (/home/salah/.vscode-server/bin/695af097c7bd098fbf017ce3ac85e09bbc5dda06/out/vs/workbench/api/node/extensionHostProcess.js:100:129554)
	at e.ExtHostCommands.executeCommand (/home/salah/.vscode-server/bin/695af097c7bd098fbf017ce3ac85e09bbc5dda06/out/vs/workbench/api/node/extensionHostProcess.js:100:129454)
	at Object.executeCommand (/home/salah/.vscode-server/bin/695af097c7bd098fbf017ce3ac85e09bbc5dda06/out/vs/workbench/api/node/extensionHostProcess.js:118:24230)
	at D (/home/salah/.vscode-server/bin/695af097c7bd098fbf017ce3ac85e09bbc5dda06/extensions/git/dist/main.js:2:1261288)
	at b.invoke (/home/salah/.vscode-server/bin/695af097c7bd098fbf017ce3ac85e09bbc5dda06/out/vs/workbench/api/node/extensionHostProcess.js:63:145)
	at deliver (/home/salah/.vscode-server/bin/695af097c7bd098fbf017ce3ac85e09bbc5dda06/out/vs/workbench/api/node/extensionHostProcess.js:63:2121)
	at n.fire (/home/salah/.vscode-server/bin/695af097c7bd098fbf017ce3ac85e09bbc5dda06/out/vs/workbench/api/node/extensionHostProcess.js:63:1729)
	at Object.m [as dispose] (/home/salah/.vscode-server/bin/695af097c7bd098fbf017ce3ac85e09bbc5dda06/extensions/git/dist/main.js:2:1276121)
	at /home/salah/.vscode-server/bin/695af097c7bd098fbf017ce3ac85e09bbc5dda06/extensions/git/dist/main.js:2:1280622
	at Array.forEach (<anonymous>)
	at g.dispose (/home/salah/.vscode-server/bin/695af097c7bd098fbf017ce3ac85e09bbc5dda06/extensions/git/dist/main.js:2:1280608)
	at r.<anonymous> (/home/salah/.vscode-server/bin/695af097c7bd098fbf017ce3ac85e09bbc5dda06/out/vs/workbench/api/node/extensionHostProcess.js:98:12552)
	at r.dispose (/home/salah/.vscode-server/bin/695af097c7bd098fbf017ce3ac85e09bbc5dda06/out/vs/workbench/api/node/extensionHostProcess.js:98:12687)
	at r.<anonymous> (/home/salah/.vscode-server/bin/695af097c7bd098fbf017ce3ac85e09bbc5dda06/extensions/git/dist/main.js:2:1263418)
	at r.dispose (/home/salah/.vscode-server/bin/695af097c7bd098fbf017ce3ac85e09bbc5dda06/out/vs/workbench/api/node/extensionHostProcess.js:98:12687)
	at I (/home/salah/.vscode-server/bin/695af097c7bd098fbf017ce3ac85e09bbc5dda06/out/vs/workbench/api/node/extensionHostProcess.js:10:12083)
	at n.Z (/home/salah/.vscode-server/bin/695af097c7bd098fbf017ce3ac85e09bbc5dda06/out/vs/workbench/api/node/extensionHostProcess.js:114:11285)
	at /home/salah/.vscode-server/bin/695af097c7bd098fbf017ce3ac85e09bbc5dda06/out/vs/workbench/api/node/extensionHostProcess.js:114:9187
	at Array.map (<anonymous>)
	at n.S (/home/salah/.vscode-server/bin/695af097c7bd098fbf017ce3ac85e09bbc5dda06/out/vs/workbench/api/node/extensionHostProcess.js:114:9175)
	at n.terminate (/home/salah/.vscode-server/bin/695af097c7bd098fbf017ce3ac85e09bbc5dda06/out/vs/workbench/api/node/extensionHostProcess.js:114:9445)
	at h.terminate (/home/salah/.vscode-server/bin/695af097c7bd098fbf017ce3ac85e09bbc5dda06/out/vs/workbench/api/node/extensionHostProcess.js:118:1544)
	at p (/home/salah/.vscode-server/bin/695af097c7bd098fbf017ce3ac85e09bbc5dda06/out/vs/workbench/api/node/extensionHostProcess.js:128:34497)
	at /home/salah/.vscode-server/bin/695af097c7bd098fbf017ce3ac85e09bbc5dda06/out/vs/workbench/api/node/extensionHostProcess.js:128:32407
	at b.invoke (/home/salah/.vscode-server/bin/695af097c7bd098fbf017ce3ac85e09bbc5dda06/out/vs/workbench/api/node/extensionHostProcess.js:63:145)
	at deliver (/home/salah/.vscode-server/bin/695af097c7bd098fbf017ce3ac85e09bbc5dda06/out/vs/workbench/api/node/extensionHostProcess.js:63:2121)
	at n.fire (/home/salah/.vscode-server/bin/695af097c7bd098fbf017ce3ac85e09bbc5dda06/out/vs/workbench/api/node/extensionHostProcess.js:63:1729)
	at p.fire (/home/salah/.vscode-server/bin/695af097c7bd098fbf017ce3ac85e09bbc5dda06/out/vs/workbench/api/node/extensionHostProcess.js:73:14783)
	at D.E (/home/salah/.vscode-server/bin/695af097c7bd098fbf017ce3ac85e09bbc5dda06/out/vs/workbench/api/node/extensionHostProcess.js:73:18830)
	at /home/salah/.vscode-server/bin/695af097c7bd098fbf017ce3ac85e09bbc5dda06/out/vs/workbench/api/node/extensionHostProcess.js:73:16818
	at b.invoke (/home/salah/.vscode-server/bin/695af097c7bd098fbf017ce3ac85e09bbc5dda06/out/vs/workbench/api/node/extensionHostProcess.js:63:145)
	at deliver (/home/salah/.vscode-server/bin/695af097c7bd098fbf017ce3ac85e09bbc5dda06/out/vs/workbench/api/node/extensionHostProcess.js:63:2121)
	at n.fire (/home/salah/.vscode-server/bin/695af097c7bd098fbf017ce3ac85e09bbc5dda06/out/vs/workbench/api/node/extensionHostProcess.js:63:1729)
	at h.acceptChunk (/home/salah/.vscode-server/bin/695af097c7bd098fbf017ce3ac85e09bbc5dda06/out/vs/workbench/api/node/extensionHostProcess.js:73:12514)
	at /home/salah/.vscode-server/bin/695af097c7bd098fbf017ce3ac85e09bbc5dda06/out/vs/workbench/api/node/extensionHostProcess.js:73:11801
	at b.invoke (/home/salah/.vscode-server/bin/695af097c7bd098fbf017ce3ac85e09bbc5dda06/out/vs/workbench/api/node/extensionHostProcess.js:63:145)
	at deliver (/home/salah/.vscode-server/bin/695af097c7bd098fbf017ce3ac85e09bbc5dda06/out/vs/workbench/api/node/extensionHostProcess.js:63:2121)
	at n.fire (/home/salah/.vscode-server/bin/695af097c7bd098fbf017ce3ac85e09bbc5dda06/out/vs/workbench/api/node/extensionHostProcess.js:63:1729)
	at E.u (/home/salah/.vscode-server/bin/695af097c7bd098fbf017ce3ac85e09bbc5dda06/out/vs/workbench/api/node/extensionHostProcess.js:128:20017) setContext undefined
2023-06-17 13:02:42.663 [error] Canceled: Canceled
	at new l (/home/salah/.vscode-server/bin/695af097c7bd098fbf017ce3ac85e09bbc5dda06/out/vs/workbench/api/node/extensionHostProcess.js:100:105905)
	at s.O (/home/salah/.vscode-server/bin/695af097c7bd098fbf017ce3ac85e09bbc5dda06/out/vs/workbench/api/node/extensionHostProcess.js:112:11754)
	at Proxy.z.<computed>.H.charCodeAt.z.<computed> (/home/salah/.vscode-server/bin/695af097c7bd098fbf017ce3ac85e09bbc5dda06/out/vs/workbench/api/node/extensionHostProcess.js:112:9029)
	at e.ExtHostCommands.g (/home/salah/.vscode-server/bin/695af097c7bd098fbf017ce3ac85e09bbc5dda06/out/vs/workbench/api/node/extensionHostProcess.js:100:130078)
	at e.ExtHostCommands.executeCommand (/home/salah/.vscode-server/bin/695af097c7bd098fbf017ce3ac85e09bbc5dda06/out/vs/workbench/api/node/extensionHostProcess.js:100:129454)
	at k.registerCommand.description (/home/salah/.vscode-server/bin/695af097c7bd098fbf017ce3ac85e09bbc5dda06/out/vs/workbench/api/node/extensionHostProcess.js:100:128747)
	at e.ExtHostCommands.h (/home/salah/.vscode-server/bin/695af097c7bd098fbf017ce3ac85e09bbc5dda06/out/vs/workbench/api/node/extensionHostProcess.js:100:130664)
	at e.ExtHostCommands.g (/home/salah/.vscode-server/bin/695af097c7bd098fbf017ce3ac85e09bbc5dda06/out/vs/workbench/api/node/extensionHostProcess.js:100:129554)
	at e.ExtHostCommands.executeCommand (/home/salah/.vscode-server/bin/695af097c7bd098fbf017ce3ac85e09bbc5dda06/out/vs/workbench/api/node/extensionHostProcess.js:100:129454)
	at Object.executeCommand (/home/salah/.vscode-server/bin/695af097c7bd098fbf017ce3ac85e09bbc5dda06/out/vs/workbench/api/node/extensionHostProcess.js:118:24230)
	at D (/home/salah/.vscode-server/bin/695af097c7bd098fbf017ce3ac85e09bbc5dda06/extensions/git/dist/main.js:2:1261288)
	at b.invoke (/home/salah/.vscode-server/bin/695af097c7bd098fbf017ce3ac85e09bbc5dda06/out/vs/workbench/api/node/extensionHostProcess.js:63:145)
	at deliver (/home/salah/.vscode-server/bin/695af097c7bd098fbf017ce3ac85e09bbc5dda06/out/vs/workbench/api/node/extensionHostProcess.js:63:2121)
	at n.fire (/home/salah/.vscode-server/bin/695af097c7bd098fbf017ce3ac85e09bbc5dda06/out/vs/workbench/api/node/extensionHostProcess.js:63:1729)
	at Object.m [as dispose] (/home/salah/.vscode-server/bin/695af097c7bd098fbf017ce3ac85e09bbc5dda06/extensions/git/dist/main.js:2:1276121)
	at /home/salah/.vscode-server/bin/695af097c7bd098fbf017ce3ac85e09bbc5dda06/extensions/git/dist/main.js:2:1280622
	at Array.forEach (<anonymous>)
	at g.dispose (/home/salah/.vscode-server/bin/695af097c7bd098fbf017ce3ac85e09bbc5dda06/extensions/git/dist/main.js:2:1280608)
	at r.<anonymous> (/home/salah/.vscode-server/bin/695af097c7bd098fbf017ce3ac85e09bbc5dda06/out/vs/workbench/api/node/extensionHostProcess.js:98:12552)
	at r.dispose (/home/salah/.vscode-server/bin/695af097c7bd098fbf017ce3ac85e09bbc5dda06/out/vs/workbench/api/node/extensionHostProcess.js:98:12687)
	at r.<anonymous> (/home/salah/.vscode-server/bin/695af097c7bd098fbf017ce3ac85e09bbc5dda06/extensions/git/dist/main.js:2:1263418)
	at r.dispose (/home/salah/.vscode-server/bin/695af097c7bd098fbf017ce3ac85e09bbc5dda06/out/vs/workbench/api/node/extensionHostProcess.js:98:12687)
	at I (/home/salah/.vscode-server/bin/695af097c7bd098fbf017ce3ac85e09bbc5dda06/out/vs/workbench/api/node/extensionHostProcess.js:10:12083)
	at n.Z (/home/salah/.vscode-server/bin/695af097c7bd098fbf017ce3ac85e09bbc5dda06/out/vs/workbench/api/node/extensionHostProcess.js:114:11285)
	at /home/salah/.vscode-server/bin/695af097c7bd098fbf017ce3ac85e09bbc5dda06/out/vs/workbench/api/node/extensionHostProcess.js:114:9187
	at Array.map (<anonymous>)
	at n.S (/home/salah/.vscode-server/bin/695af097c7bd098fbf017ce3ac85e09bbc5dda06/out/vs/workbench/api/node/extensionHostProcess.js:114:9175)
	at n.terminate (/home/salah/.vscode-server/bin/695af097c7bd098fbf017ce3ac85e09bbc5dda06/out/vs/workbench/api/node/extensionHostProcess.js:114:9445)
	at h.terminate (/home/salah/.vscode-server/bin/695af097c7bd098fbf017ce3ac85e09bbc5dda06/out/vs/workbench/api/node/extensionHostProcess.js:118:1544)
	at p (/home/salah/.vscode-server/bin/695af097c7bd098fbf017ce3ac85e09bbc5dda06/out/vs/workbench/api/node/extensionHostProcess.js:128:34497)
	at /home/salah/.vscode-server/bin/695af097c7bd098fbf017ce3ac85e09bbc5dda06/out/vs/workbench/api/node/extensionHostProcess.js:128:32407
	at b.invoke (/home/salah/.vscode-server/bin/695af097c7bd098fbf017ce3ac85e09bbc5dda06/out/vs/workbench/api/node/extensionHostProcess.js:63:145)
	at deliver (/home/salah/.vscode-server/bin/695af097c7bd098fbf017ce3ac85e09bbc5dda06/out/vs/workbench/api/node/extensionHostProcess.js:63:2121)
	at n.fire (/home/salah/.vscode-server/bin/695af097c7bd098fbf017ce3ac85e09bbc5dda06/out/vs/workbench/api/node/extensionHostProcess.js:63:1729)
	at p.fire (/home/salah/.vscode-server/bin/695af097c7bd098fbf017ce3ac85e09bbc5dda06/out/vs/workbench/api/node/extensionHostProcess.js:73:14783)
	at D.E (/home/salah/.vscode-server/bin/695af097c7bd098fbf017ce3ac85e09bbc5dda06/out/vs/workbench/api/node/extensionHostProcess.js:73:18830)
	at /home/salah/.vscode-server/bin/695af097c7bd098fbf017ce3ac85e09bbc5dda06/out/vs/workbench/api/node/extensionHostProcess.js:73:16818
	at b.invoke (/home/salah/.vscode-server/bin/695af097c7bd098fbf017ce3ac85e09bbc5dda06/out/vs/workbench/api/node/extensionHostProcess.js:63:145)
	at deliver (/home/salah/.vscode-server/bin/695af097c7bd098fbf017ce3ac85e09bbc5dda06/out/vs/workbench/api/node/extensionHostProcess.js:63:2121)
	at n.fire (/home/salah/.vscode-server/bin/695af097c7bd098fbf017ce3ac85e09bbc5dda06/out/vs/workbench/api/node/extensionHostProcess.js:63:1729)
	at h.acceptChunk (/home/salah/.vscode-server/bin/695af097c7bd098fbf017ce3ac85e09bbc5dda06/out/vs/workbench/api/node/extensionHostProcess.js:73:12514)
	at /home/salah/.vscode-server/bin/695af097c7bd098fbf017ce3ac85e09bbc5dda06/out/vs/workbench/api/node/extensionHostProcess.js:73:11801
	at b.invoke (/home/salah/.vscode-server/bin/695af097c7bd098fbf017ce3ac85e09bbc5dda06/out/vs/workbench/api/node/extensionHostProcess.js:63:145)
	at deliver (/home/salah/.vscode-server/bin/695af097c7bd098fbf017ce3ac85e09bbc5dda06/out/vs/workbench/api/node/extensionHostProcess.js:63:2121)
	at n.fire (/home/salah/.vscode-server/bin/695af097c7bd098fbf017ce3ac85e09bbc5dda06/out/vs/workbench/api/node/extensionHostProcess.js:63:1729)
	at E.u (/home/salah/.vscode-server/bin/695af097c7bd098fbf017ce3ac85e09bbc5dda06/out/vs/workbench/api/node/extensionHostProcess.js:128:20017) setContext undefined
2023-06-17 13:02:42.664 [error] Canceled: Canceled
	at new l (/home/salah/.vscode-server/bin/695af097c7bd098fbf017ce3ac85e09bbc5dda06/out/vs/workbench/api/node/extensionHostProcess.js:100:105905)
	at s.O (/home/salah/.vscode-server/bin/695af097c7bd098fbf017ce3ac85e09bbc5dda06/out/vs/workbench/api/node/extensionHostProcess.js:112:11754)
	at Proxy.z.<computed>.H.charCodeAt.z.<computed> (/home/salah/.vscode-server/bin/695af097c7bd098fbf017ce3ac85e09bbc5dda06/out/vs/workbench/api/node/extensionHostProcess.js:112:9029)
	at e.ExtHostCommands.g (/home/salah/.vscode-server/bin/695af097c7bd098fbf017ce3ac85e09bbc5dda06/out/vs/workbench/api/node/extensionHostProcess.js:100:130078)
	at e.ExtHostCommands.executeCommand (/home/salah/.vscode-server/bin/695af097c7bd098fbf017ce3ac85e09bbc5dda06/out/vs/workbench/api/node/extensionHostProcess.js:100:129454)
	at k.registerCommand.description (/home/salah/.vscode-server/bin/695af097c7bd098fbf017ce3ac85e09bbc5dda06/out/vs/workbench/api/node/extensionHostProcess.js:100:128747)
	at e.ExtHostCommands.h (/home/salah/.vscode-server/bin/695af097c7bd098fbf017ce3ac85e09bbc5dda06/out/vs/workbench/api/node/extensionHostProcess.js:100:130664)
	at e.ExtHostCommands.g (/home/salah/.vscode-server/bin/695af097c7bd098fbf017ce3ac85e09bbc5dda06/out/vs/workbench/api/node/extensionHostProcess.js:100:129554)
	at e.ExtHostCommands.executeCommand (/home/salah/.vscode-server/bin/695af097c7bd098fbf017ce3ac85e09bbc5dda06/out/vs/workbench/api/node/extensionHostProcess.js:100:129454)
	at Object.executeCommand (/home/salah/.vscode-server/bin/695af097c7bd098fbf017ce3ac85e09bbc5dda06/out/vs/workbench/api/node/extensionHostProcess.js:118:24230)
	at p.VscodeDevShareProvider.set b [as b] (/home/salah/.vscode-server/bin/695af097c7bd098fbf017ce3ac85e09bbc5dda06/extensions/github/dist/extension.js:2:152873)
	at /home/salah/.vscode-server/bin/695af097c7bd098fbf017ce3ac85e09bbc5dda06/extensions/github/dist/extension.js:2:153583
	at /home/salah/.vscode-server/bin/695af097c7bd098fbf017ce3ac85e09bbc5dda06/extensions/git/dist/main.js:2:1348881
	at b.invoke (/home/salah/.vscode-server/bin/695af097c7bd098fbf017ce3ac85e09bbc5dda06/out/vs/workbench/api/node/extensionHostProcess.js:63:145)
	at deliver (/home/salah/.vscode-server/bin/695af097c7bd098fbf017ce3ac85e09bbc5dda06/out/vs/workbench/api/node/extensionHostProcess.js:63:2121)
	at n.fire (/home/salah/.vscode-server/bin/695af097c7bd098fbf017ce3ac85e09bbc5dda06/out/vs/workbench/api/node/extensionHostProcess.js:63:1729)
	at Object.m [as dispose] (/home/salah/.vscode-server/bin/695af097c7bd098fbf017ce3ac85e09bbc5dda06/extensions/git/dist/main.js:2:1276121)
	at /home/salah/.vscode-server/bin/695af097c7bd098fbf017ce3ac85e09bbc5dda06/extensions/git/dist/main.js:2:1280622
	at Array.forEach (<anonymous>)
	at g.dispose (/home/salah/.vscode-server/bin/695af097c7bd098fbf017ce3ac85e09bbc5dda06/extensions/git/dist/main.js:2:1280608)
	at r.<anonymous> (/home/salah/.vscode-server/bin/695af097c7bd098fbf017ce3ac85e09bbc5dda06/out/vs/workbench/api/node/extensionHostProcess.js:98:12552)
	at r.dispose (/home/salah/.vscode-server/bin/695af097c7bd098fbf017ce3ac85e09bbc5dda06/out/vs/workbench/api/node/extensionHostProcess.js:98:12687)
	at r.<anonymous> (/home/salah/.vscode-server/bin/695af097c7bd098fbf017ce3ac85e09bbc5dda06/extensions/git/dist/main.js:2:1263418)
	at r.dispose (/home/salah/.vscode-server/bin/695af097c7bd098fbf017ce3ac85e09bbc5dda06/out/vs/workbench/api/node/extensionHostProcess.js:98:12687)
	at I (/home/salah/.vscode-server/bin/695af097c7bd098fbf017ce3ac85e09bbc5dda06/out/vs/workbench/api/node/extensionHostProcess.js:10:12083)
	at n.Z (/home/salah/.vscode-server/bin/695af097c7bd098fbf017ce3ac85e09bbc5dda06/out/vs/workbench/api/node/extensionHostProcess.js:114:11285)
	at /home/salah/.vscode-server/bin/695af097c7bd098fbf017ce3ac85e09bbc5dda06/out/vs/workbench/api/node/extensionHostProcess.js:114:9187
	at Array.map (<anonymous>)
	at n.S (/home/salah/.vscode-server/bin/695af097c7bd098fbf017ce3ac85e09bbc5dda06/out/vs/workbench/api/node/extensionHostProcess.js:114:9175)
	at n.terminate (/home/salah/.vscode-server/bin/695af097c7bd098fbf017ce3ac85e09bbc5dda06/out/vs/workbench/api/node/extensionHostProcess.js:114:9445)
	at h.terminate (/home/salah/.vscode-server/bin/695af097c7bd098fbf017ce3ac85e09bbc5dda06/out/vs/workbench/api/node/extensionHostProcess.js:118:1544)
	at p (/home/salah/.vscode-server/bin/695af097c7bd098fbf017ce3ac85e09bbc5dda06/out/vs/workbench/api/node/extensionHostProcess.js:128:34497)
	at /home/salah/.vscode-server/bin/695af097c7bd098fbf017ce3ac85e09bbc5dda06/out/vs/workbench/api/node/extensionHostProcess.js:128:32407
	at b.invoke (/home/salah/.vscode-server/bin/695af097c7bd098fbf017ce3ac85e09bbc5dda06/out/vs/workbench/api/node/extensionHostProcess.js:63:145)
	at deliver (/home/salah/.vscode-server/bin/695af097c7bd098fbf017ce3ac85e09bbc5dda06/out/vs/workbench/api/node/extensionHostProcess.js:63:2121)
	at n.fire (/home/salah/.vscode-server/bin/695af097c7bd098fbf017ce3ac85e09bbc5dda06/out/vs/workbench/api/node/extensionHostProcess.js:63:1729)
	at p.fire (/home/salah/.vscode-server/bin/695af097c7bd098fbf017ce3ac85e09bbc5dda06/out/vs/workbench/api/node/extensionHostProcess.js:73:14783)
	at D.E (/home/salah/.vscode-server/bin/695af097c7bd098fbf017ce3ac85e09bbc5dda06/out/vs/workbench/api/node/extensionHostProcess.js:73:18830)
	at /home/salah/.vscode-server/bin/695af097c7bd098fbf017ce3ac85e09bbc5dda06/out/vs/workbench/api/node/extensionHostProcess.js:73:16818
	at b.invoke (/home/salah/.vscode-server/bin/695af097c7bd098fbf017ce3ac85e09bbc5dda06/out/vs/workbench/api/node/extensionHostProcess.js:63:145)
	at deliver (/home/salah/.vscode-server/bin/695af097c7bd098fbf017ce3ac85e09bbc5dda06/out/vs/workbench/api/node/extensionHostProcess.js:63:2121)
	at n.fire (/home/salah/.vscode-server/bin/695af097c7bd098fbf017ce3ac85e09bbc5dda06/out/vs/workbench/api/node/extensionHostProcess.js:63:1729)
	at h.acceptChunk (/home/salah/.vscode-server/bin/695af097c7bd098fbf017ce3ac85e09bbc5dda06/out/vs/workbench/api/node/extensionHostProcess.js:73:12514)
	at /home/salah/.vscode-server/bin/695af097c7bd098fbf017ce3ac85e09bbc5dda06/out/vs/workbench/api/node/extensionHostProcess.js:73:11801
	at b.invoke (/home/salah/.vscode-server/bin/695af097c7bd098fbf017ce3ac85e09bbc5dda06/out/vs/workbench/api/node/extensionHostProcess.js:63:145)
	at deliver (/home/salah/.vscode-server/bin/695af097c7bd098fbf017ce3ac85e09bbc5dda06/out/vs/workbench/api/node/extensionHostProcess.js:63:2121)
	at n.fire (/home/salah/.vscode-server/bin/695af097c7bd098fbf017ce3ac85e09bbc5dda06/out/vs/workbench/api/node/extensionHostProcess.js:63:1729)
	at E.u (/home/salah/.vscode-server/bin/695af097c7bd098fbf017ce3ac85e09bbc5dda06/out/vs/workbench/api/node/extensionHostProcess.js:128:20017) setContext undefined
2023-06-17 13:02:42.664 [info] Extension host with pid 127969 exiting with code 0
