2023-06-14 23:50:52.599 [info] Log level: Info
2023-06-14 23:50:52.599 [info] Validating found git in: "git"
2023-06-14 23:50:52.599 [info] Using git "2.34.1" from "git"
2023-06-14 23:50:52.599 [info] > git rev-parse --show-toplevel [5ms]
2023-06-14 23:50:52.599 [info] fatal: not a git repository (or any of the parent directories): .git
2023-06-14 23:50:52.599 [info] > git rev-parse --show-toplevel [2ms]
2023-06-14 23:50:52.599 [info] > git rev-parse --git-dir --git-common-dir [1ms]
2023-06-14 23:50:52.599 [info] Open repository: /home/salah/newapp
2023-06-14 23:50:52.599 [info] > git rev-parse --show-toplevel [6ms]
2023-06-14 23:50:52.599 [info] fatal: not a git repository (or any of the parent directories): .git
2023-06-14 23:50:52.599 [info] > git config --get commit.template [52ms]
2023-06-14 23:50:52.599 [info] No remotes found in the git config file.
2023-06-14 23:50:52.599 [info] > git rev-parse --show-toplevel [53ms]
2023-06-14 23:50:52.599 [info] fatal: not a git repository (or any of the parent directories): .git
2023-06-14 23:50:52.599 [info] > git for-each-ref --format=%(refname)%00%(upstream:short)%00%(objectname)%00%(upstream:track)%00%(upstream:remotename)%00%(upstream:remoteref) refs/heads/master refs/remotes/master [10ms]
2023-06-14 23:50:52.599 [info] > git rev-parse --show-toplevel [11ms]
2023-06-14 23:50:52.599 [info] fatal: not a git repository (or any of the parent directories): .git
2023-06-14 23:50:52.599 [info] > git status -z -uall --find-renames=50% [8ms]
2023-06-14 23:50:52.599 [info] > git rev-parse --show-toplevel [19ms]
2023-06-14 23:50:52.599 [info] > git config --get commit.template [8ms]
2023-06-14 23:50:52.599 [info] No remotes found in the git config file.
2023-06-14 23:50:52.599 [info] > git rev-parse --git-dir --git-common-dir [8ms]
2023-06-14 23:50:52.599 [info] Open repository: /home/salah/.nvm
2023-06-14 23:50:52.599 [info] > git for-each-ref --format=%(refname)%00%(upstream:short)%00%(objectname)%00%(upstream:track)%00%(upstream:remotename)%00%(upstream:remoteref) refs/heads/master refs/remotes/master [19ms]
2023-06-14 23:50:52.599 [info] > git config --get commit.template [7ms]
2023-06-14 23:50:52.599 [info] > git rev-parse --show-toplevel [14ms]
2023-06-14 23:50:52.599 [info] fatal: not a git repository (or any of the parent directories): .git
2023-06-14 23:50:52.599 [info] > git status -z -uall --find-renames=50% [8ms]
2023-06-14 23:50:52.599 [info] > git rev-parse --show-toplevel [10ms]
2023-06-14 23:50:52.599 [info] fatal: not a git repository (or any of the parent directories): .git
2023-06-14 23:50:52.599 [info] > git for-each-ref --format %(refname) %(objectname) %(*objectname) refs/tags [10ms]
2023-06-14 23:50:52.599 [info] > git rev-parse --show-toplevel [8ms]
2023-06-14 23:50:52.599 [info] fatal: not a git repository (or any of the parent directories): .git
2023-06-14 23:50:52.599 [info] > git status -z -uall --find-renames=50% [24ms]
2023-06-14 23:50:52.599 [info] > git config --get commit.template [7ms]
2023-06-14 23:50:52.599 [info] > git for-each-ref --format %(refname) %(objectname) %(*objectname) refs/tags [4ms]
2023-06-14 23:50:52.599 [info] > git status -z -uall --find-renames=50% [48ms]
2023-06-14 23:50:52.599 [info] > git check-ignore -v -z --stdin [6ms]
2023-06-14 23:50:52.599 [info] > git check-ignore -v -z --stdin [3ms]
2023-06-14 23:50:52.599 [info] > git show --textconv :src/Chart.js [8ms]
2023-06-14 23:50:52.599 [info] > git ls-files --stage -- /home/salah/newapp/src/Chart.js [1ms]
2023-06-14 23:50:53.553 [info] > git rev-parse --show-toplevel [1ms]
2023-06-14 23:50:53.553 [info] fatal: not a git repository (or any of the parent directories): .git
