0 verbose cli /home/salah/.nvm/versions/node/v19.0.0/bin/node /home/salah/.nvm/versions/node/v19.0.0/bin/npm
1 info using npm@9.7.1
2 info using node@v19.0.0
3 timing npm:load:whichnode Completed in 19ms
4 timing config:load:defaults Completed in 3ms
5 timing config:load:file:/home/salah/.nvm/versions/node/v19.0.0/lib/node_modules/npm/npmrc Completed in 14ms
6 timing config:load:builtin Completed in 15ms
7 timing config:load:cli Completed in 3ms
8 timing config:load:env Completed in 1ms
9 timing config:load:file:/home/salah/.cache/typescript/5.1/.npmrc Completed in 0ms
10 timing config:load:project Completed in 3ms
11 timing config:load:file:/home/salah/.npmrc Completed in 0ms
12 timing config:load:user Completed in 0ms
13 timing config:load:file:/home/salah/.nvm/versions/node/v19.0.0/etc/npmrc Completed in 0ms
14 timing config:load:global Completed in 0ms
15 timing config:load:setEnvs Completed in 3ms
16 timing config:load Completed in 29ms
17 timing npm:load:configload Completed in 29ms
18 timing config:load:flatten Completed in 4ms
19 timing npm:load:mkdirpcache Completed in 0ms
20 timing npm:load:mkdirplogs Completed in 0ms
21 verbose title npm install types-registry@latest
22 verbose argv "install" "--ignore-scripts" "types-registry@latest"
23 timing npm:load:setTitle Completed in 2ms
24 timing npm:load:display Completed in 1ms
25 verbose logfile logs-max:10 dir:/home/salah/.npm/_logs/2023-06-19T12_53_17_505Z-
26 verbose logfile /home/salah/.npm/_logs/2023-06-19T12_53_17_505Z-debug-0.log
27 timing npm:load:logFile Completed in 12ms
28 timing npm:load:timers Completed in 0ms
29 timing npm:load:configScope Completed in 0ms
30 timing npm:load Completed in 100ms
31 timing arborist:ctor Completed in 1ms
32 silly logfile start cleaning logs, removing 1 files
33 silly logfile done cleaning log files
34 timing idealTree:init Completed in 179ms
35 timing arborist:ctor Completed in 0ms
36 http fetch GET 200 https://registry.npmjs.org/types-registry 141ms (cache updated)
37 timing idealTree:userRequests Completed in 149ms
38 silly idealTree buildDeps
39 silly fetch manifest types-registry@0.1.649
40 silly placeDep ROOT types-registry@0.1.649 REPLACE for:  want: 0.1.649
41 timing idealTree:#root Completed in 6ms
42 timing idealTree:node_modules/types-registry Completed in 0ms
43 timing idealTree:buildDeps Completed in 7ms
44 timing idealTree:fixDepFlags Completed in 0ms
45 timing idealTree Completed in 338ms
46 timing reify:loadTrees Completed in 339ms
47 timing reify:diffTrees Completed in 3ms
48 silly reify mark retired [ '/home/salah/.cache/typescript/5.1/node_modules/types-registry' ]
49 silly reify moves {
49 silly reify   '/home/salah/.cache/typescript/5.1/node_modules/types-registry': '/home/salah/.cache/typescript/5.1/node_modules/.types-registry-x42ycOZy'
49 silly reify }
50 timing reify:retireShallow Completed in 10ms
51 timing reify:createSparse Completed in 0ms
52 timing reify:loadBundles Completed in 0ms
53 silly audit bulk request {
53 silly audit   '@babel/code-frame': [ '7.22.5' ],
53 silly audit   '@babel/helper-validator-identifier': [ '7.22.5' ],
53 silly audit   '@babel/highlight': [ '7.22.5' ],
53 silly audit   'ansi-styles': [ '3.2.1', '4.3.0', '5.2.0' ],
53 silly audit   chalk: [ '2.4.2', '4.1.2' ],
53 silly audit   'color-convert': [ '1.9.3', '2.0.1' ],
53 silly audit   'color-name': [ '1.1.3', '1.1.4' ],
53 silly audit   'escape-string-regexp': [ '1.0.5', '2.0.0' ],
53 silly audit   'has-flag': [ '3.0.0', '4.0.0' ],
53 silly audit   'supports-color': [ '5.5.0', '7.2.0' ],
53 silly audit   '@jest/expect-utils': [ '29.5.0' ],
53 silly audit   '@jest/schemas': [ '29.4.3' ],
53 silly audit   '@jest/types': [ '29.5.0' ],
53 silly audit   '@sinclair/typebox': [ '0.25.24' ],
53 silly audit   '@types/istanbul-lib-coverage': [ '2.0.4' ],
53 silly audit   '@types/istanbul-lib-report': [ '3.0.0' ],
53 silly audit   '@types/istanbul-reports': [ '3.0.1' ],
53 silly audit   '@types/jest': [ '29.5.2' ],
53 silly audit   '@types/node': [ '20.3.1' ],
53 silly audit   '@types/prop-types': [ '15.7.5' ],
53 silly audit   '@types/react': [ '18.2.12' ],
53 silly audit   '@types/react-dom': [ '18.2.5' ],
53 silly audit   '@types/scheduler': [ '0.16.3' ],
53 silly audit   '@types/stack-utils': [ '2.0.1' ],
53 silly audit   '@types/testing-library__jest-dom': [ '5.14.6' ],
53 silly audit   '@types/websocket': [ '1.0.5' ],
53 silly audit   '@types/ws': [ '8.5.5' ],
53 silly audit   '@types/yargs': [ '17.0.24' ],
53 silly audit   '@types/yargs-parser': [ '21.0.0' ],
53 silly audit   braces: [ '3.0.2' ],
53 silly audit   'ci-info': [ '3.8.0' ],
53 silly audit   csstype: [ '3.1.2' ],
53 silly audit   'diff-sequences': [ '29.4.3' ],
53 silly audit   expect: [ '29.5.0' ],
53 silly audit   'fill-range': [ '7.0.1' ],
53 silly audit   'graceful-fs': [ '4.2.11' ],
53 silly audit   'is-number': [ '7.0.0' ],
53 silly audit   'jest-diff': [ '29.5.0' ],
53 silly audit   'jest-get-type': [ '29.4.3' ],
53 silly audit   'jest-matcher-utils': [ '29.5.0' ],
53 silly audit   'jest-message-util': [ '29.5.0' ],
53 silly audit   'jest-util': [ '29.5.0' ],
53 silly audit   'js-tokens': [ '4.0.0' ],
53 silly audit   micromatch: [ '4.0.5' ],
53 silly audit   picomatch: [ '2.3.1' ],
53 silly audit   'pretty-format': [ '29.5.0' ],
53 silly audit   'react-is': [ '18.2.0' ],
53 silly audit   slash: [ '3.0.0' ],
53 silly audit   'stack-utils': [ '2.0.6' ],
53 silly audit   'to-regex-range': [ '5.0.1' ],
53 silly audit   'types-registry': [ '0.1.649' ]
53 silly audit }
54 silly tarball no local data for types-registry@https://registry.npmjs.org/types-registry/-/types-registry-0.1.649.tgz. Extracting by manifest.
55 http fetch GET 200 https://registry.npmjs.org/types-registry/-/types-registry-0.1.649.tgz 82ms (cache miss)
56 timing reifyNode:node_modules/types-registry Completed in 89ms
57 timing reify:unpack Completed in 89ms
58 timing reify:unretire Completed in 0ms
59 timing build:queue Completed in 0ms
60 timing build:deps Completed in 1ms
61 timing build Completed in 1ms
62 timing reify:build Completed in 2ms
63 timing reify:trash Completed in 6ms
64 timing reify:save Completed in 24ms
65 http fetch POST 200 https://registry.npmjs.org/-/npm/v1/security/advisories/bulk 194ms
66 timing auditReport:getReport Completed in 198ms
67 silly audit report {}
68 timing auditReport:init Completed in 0ms
69 timing reify:audit Completed in 198ms
70 timing reify Completed in 567ms
71 silly CHANGE node_modules/types-registry
72 timing command:install Completed in 582ms
73 verbose exit 0
74 timing npm Completed in 1028ms
75 info ok
