2023-06-17 12:55:01.383 [info] Log level: Info
2023-06-17 12:55:01.383 [info] Validating found git in: "git"
2023-06-17 12:55:01.383 [info] Using git "2.34.1" from "git"
2023-06-17 12:55:01.383 [info] > git rev-parse --show-toplevel [21ms]
2023-06-17 12:55:01.383 [info] fatal: not a git repository (or any of the parent directories): .git
2023-06-17 12:55:01.383 [info] > git rev-parse --show-toplevel [2ms]
2023-06-17 12:55:01.383 [info] fatal: not a git repository (or any of the parent directories): .git
2023-06-17 12:55:01.383 [info] > git rev-parse --show-toplevel [2ms]
2023-06-17 12:55:01.383 [info] fatal: not a git repository (or any of the parent directories): .git
2023-06-17 12:55:01.383 [info] > git rev-parse --show-toplevel [1ms]
2023-06-17 12:55:01.383 [info] fatal: not a git repository (or any of the parent directories): .git
2023-06-17 12:55:01.383 [info] > git rev-parse --show-toplevel [15ms]
2023-06-17 12:55:01.383 [info] fatal: not a git repository (or any of the parent directories): .git
2023-06-17 12:55:01.383 [info] > git rev-parse --show-toplevel [3ms]
2023-06-17 12:55:01.383 [info] > git rev-parse --git-dir --git-common-dir [5ms]
2023-06-17 12:55:01.383 [info] Open repository: /home/salah/.nvm
2023-06-17 12:55:01.383 [info] > git rev-parse --show-toplevel [12ms]
2023-06-17 12:55:01.383 [info] fatal: not a git repository (or any of the parent directories): .git
2023-06-17 12:55:01.383 [info] > git config --get commit.template [9ms]
2023-06-17 12:55:01.383 [info] > git rev-parse --show-toplevel [14ms]
2023-06-17 12:55:01.383 [info] fatal: not a git repository (or any of the parent directories): .git
2023-06-17 12:55:01.383 [info] > git for-each-ref --format %(refname) %(objectname) %(*objectname) refs/tags [18ms]
2023-06-17 12:55:01.383 [info] > git rev-parse --show-toplevel [15ms]
2023-06-17 12:55:01.383 [info] fatal: not a git repository (or any of the parent directories): .git
2023-06-17 12:55:01.383 [info] > git status -z -uall [17ms]
2023-06-17 12:55:01.383 [info] > git rev-parse --show-toplevel [12ms]
2023-06-17 12:55:01.383 [info] > git rev-parse --git-dir --git-common-dir [1ms]
2023-06-17 12:55:01.383 [info] Open repository: /home/salah/newapp
2023-06-17 12:55:01.383 [info] > git rev-parse --show-toplevel [14ms]
2023-06-17 12:55:01.383 [info] fatal: not a git repository (or any of the parent directories): .git
2023-06-17 12:55:01.383 [info] > git config --get commit.template [5ms]
2023-06-17 12:55:01.383 [info] > git config --get commit.template [8ms]
2023-06-17 12:55:01.383 [info] No remotes found in the git config file.
2023-06-17 12:55:01.383 [info] > git for-each-ref --format=%(refname)%00%(upstream:short)%00%(objectname)%00%(upstream:track)%00%(upstream:remotename)%00%(upstream:remoteref) refs/heads/master refs/remotes/master [4ms]
2023-06-17 12:55:01.383 [info] > git for-each-ref --format %(refname) %(objectname) %(*objectname) refs/tags [6ms]
2023-06-17 12:55:01.383 [info] > git status -z -uall [6ms]
2023-06-17 12:55:01.383 [info] No remotes found in the git config file.
2023-06-17 12:55:01.383 [info] > git status -z -uall [18ms]
2023-06-17 12:55:01.383 [info] > git config --get commit.template [9ms]
2023-06-17 12:55:01.383 [info] > git for-each-ref --format=%(refname)%00%(upstream:short)%00%(objectname)%00%(upstream:track)%00%(upstream:remotename)%00%(upstream:remoteref) refs/heads/master refs/remotes/master [3ms]
2023-06-17 12:55:01.383 [info] > git status -z -uall [2ms]
2023-06-17 12:55:01.383 [info] > git check-ignore -v -z --stdin [16ms]
2023-06-17 12:55:01.383 [info] > git check-ignore -v -z --stdin [11ms]
2023-06-17 12:55:01.383 [info] > git check-ignore -v -z --stdin [5ms]
2023-06-17 12:55:01.383 [info] > git check-ignore -v -z --stdin [2ms]
2023-06-17 12:55:01.383 [info] > git rev-parse --show-toplevel [1ms]
2023-06-17 12:55:01.384 [info] fatal: not a git repository (or any of the parent directories): .git
2023-06-17 12:55:01.384 [info] > git rev-parse --show-toplevel [1ms]
2023-06-17 12:55:01.384 [info] fatal: not a git repository (or any of the parent directories): .git
2023-06-17 12:55:01.384 [info] > git rev-parse --show-toplevel [2ms]
2023-06-17 12:55:01.384 [info] fatal: not a git repository (or any of the parent directories): .git
