2023-06-16 15:56:53.928 [info] Log level: Info
2023-06-16 15:56:53.928 [info] Validating found git in: "git"
2023-06-16 15:56:53.928 [info] Using git "2.34.1" from "git"
2023-06-16 15:56:53.928 [info] > git rev-parse --show-toplevel [6ms]
2023-06-16 15:56:53.928 [info] fatal: not a git repository (or any of the parent directories): .git
2023-06-16 15:56:53.928 [info] > git rev-parse --show-toplevel [2ms]
2023-06-16 15:56:53.928 [info] fatal: not a git repository (or any of the parent directories): .git
2023-06-16 15:56:53.929 [info] > git rev-parse --show-toplevel [2ms]
2023-06-16 15:56:53.929 [info] fatal: not a git repository (or any of the parent directories): .git
2023-06-16 15:56:53.929 [info] > git rev-parse --show-toplevel [1ms]
2023-06-16 15:56:53.929 [info] fatal: not a git repository (or any of the parent directories): .git
2023-06-16 15:56:53.929 [info] > git rev-parse --show-toplevel [1ms]
2023-06-16 15:56:53.929 [info] fatal: not a git repository (or any of the parent directories): .git
2023-06-16 15:56:53.929 [info] > git rev-parse --show-toplevel [0ms]
2023-06-16 15:56:53.929 [info] > git rev-parse --git-dir --git-common-dir [1ms]
2023-06-16 15:56:53.929 [info] Open repository: /home/salah/.nvm
2023-06-16 15:56:53.929 [info] > git rev-parse --show-toplevel [6ms]
2023-06-16 15:56:53.929 [info] fatal: not a git repository (or any of the parent directories): .git
2023-06-16 15:56:53.929 [info] > git config --get commit.template [5ms]
2023-06-16 15:56:53.929 [info] > git rev-parse --show-toplevel [6ms]
2023-06-16 15:56:53.929 [info] fatal: not a git repository (or any of the parent directories): .git
2023-06-16 15:56:53.929 [info] > git for-each-ref --format %(refname) %(objectname) %(*objectname) refs/tags [5ms]
2023-06-16 15:56:53.929 [info] > git rev-parse --show-toplevel [6ms]
2023-06-16 15:56:53.929 [info] fatal: not a git repository (or any of the parent directories): .git
2023-06-16 15:56:53.929 [info] > git rev-parse --show-toplevel [2ms]
2023-06-16 15:56:53.929 [info] > git rev-parse --git-dir --git-common-dir [2ms]
2023-06-16 15:56:53.929 [info] Open repository: /home/salah/newapp
2023-06-16 15:56:53.929 [info] > git status -z -uall [26ms]
2023-06-16 15:56:53.929 [info] > git config --get commit.template [20ms]
2023-06-16 15:56:53.929 [info] > git rev-parse --show-toplevel [24ms]
2023-06-16 15:56:53.929 [info] fatal: not a git repository (or any of the parent directories): .git
2023-06-16 15:56:53.929 [info] > git config --get commit.template [13ms]
2023-06-16 15:56:53.929 [info] No remotes found in the git config file.
2023-06-16 15:56:53.929 [info] > git for-each-ref --format=%(refname)%00%(upstream:short)%00%(objectname)%00%(upstream:track)%00%(upstream:remotename)%00%(upstream:remoteref) refs/heads/master refs/remotes/master [6ms]
2023-06-16 15:56:53.929 [info] > git for-each-ref --format %(refname) %(objectname) %(*objectname) refs/tags [7ms]
2023-06-16 15:56:53.929 [info] > git status -z -uall [6ms]
2023-06-16 15:56:53.929 [info] No remotes found in the git config file.
2023-06-16 15:56:53.929 [info] > git status -z -uall [20ms]
2023-06-16 15:56:53.929 [info] > git config --get commit.template [9ms]
2023-06-16 15:56:53.929 [info] > git for-each-ref --format=%(refname)%00%(upstream:short)%00%(objectname)%00%(upstream:track)%00%(upstream:remotename)%00%(upstream:remoteref) refs/heads/master refs/remotes/master [3ms]
2023-06-16 15:56:53.929 [info] > git status -z -uall [2ms]
2023-06-16 15:56:53.929 [info] > git check-ignore -v -z --stdin [7ms]
2023-06-16 15:56:53.929 [info] > git check-ignore -v -z --stdin [2ms]
2023-06-16 15:56:53.929 [info] > git rev-parse --show-toplevel [1ms]
2023-06-16 15:56:53.929 [info] fatal: not a git repository (or any of the parent directories): .git
2023-06-16 15:56:53.929 [info] > git rev-parse --show-toplevel [1ms]
2023-06-16 15:56:53.929 [info] fatal: not a git repository (or any of the parent directories): .git
