2023-06-17 13:13:37.945 [info] Log level: Info
2023-06-17 13:13:37.945 [info] Validating found git in: "git"
2023-06-17 13:13:37.945 [info] Using git "2.34.1" from "git"
2023-06-17 13:13:37.945 [info] > git rev-parse --show-toplevel [6ms]
2023-06-17 13:13:37.945 [info] fatal: not a git repository (or any of the parent directories): .git
2023-06-17 13:13:37.945 [info] > git rev-parse --show-toplevel [1ms]
2023-06-17 13:13:37.945 [info] fatal: not a git repository (or any of the parent directories): .git
2023-06-17 13:13:37.945 [info] > git rev-parse --show-toplevel [1ms]
2023-06-17 13:13:37.945 [info] fatal: not a git repository (or any of the parent directories): .git
2023-06-17 13:13:37.945 [info] > git rev-parse --show-toplevel [2ms]
2023-06-17 13:13:37.945 [info] fatal: not a git repository (or any of the parent directories): .git
2023-06-17 13:13:37.945 [info] > git rev-parse --show-toplevel [2ms]
2023-06-17 13:13:37.945 [info] > git rev-parse --git-dir --git-common-dir [1ms]
2023-06-17 13:13:37.945 [info] Open repository: /home/salah/.nvm
2023-06-17 13:13:37.945 [info] > git rev-parse --show-toplevel [5ms]
2023-06-17 13:13:37.945 [info] fatal: not a git repository (or any of the parent directories): .git
2023-06-17 13:13:37.945 [info] > git config --get commit.template [5ms]
2023-06-17 13:13:37.945 [info] > git rev-parse --show-toplevel [6ms]
2023-06-17 13:13:37.945 [info] fatal: not a git repository (or any of the parent directories): .git
2023-06-17 13:13:37.945 [info] > git for-each-ref --format %(refname) %(objectname) %(*objectname) refs/tags [6ms]
2023-06-17 13:13:37.945 [info] > git rev-parse --show-toplevel [6ms]
2023-06-17 13:13:37.945 [info] fatal: not a git repository (or any of the parent directories): .git
2023-06-17 13:13:37.945 [info] > git rev-parse --show-toplevel [3ms]
2023-06-17 13:13:37.945 [info] > git rev-parse --git-dir --git-common-dir [2ms]
2023-06-17 13:13:37.945 [info] Open repository: /home/salah/newapp
2023-06-17 13:13:37.945 [info] > git status -z -uall --find-renames=50% [34ms]
2023-06-17 13:13:37.945 [info] > git config --get commit.template [20ms]
2023-06-17 13:13:37.945 [info] > git rev-parse --show-toplevel [23ms]
2023-06-17 13:13:37.945 [info] fatal: not a git repository (or any of the parent directories): .git
2023-06-17 13:13:37.945 [info] > git config --get commit.template [5ms]
2023-06-17 13:13:37.945 [info] No remotes found in the git config file.
2023-06-17 13:13:37.945 [info] > git for-each-ref --format %(refname) %(objectname) %(*objectname) refs/tags [8ms]
2023-06-17 13:13:37.945 [info] > git for-each-ref --format=%(refname)%00%(upstream:short)%00%(objectname)%00%(upstream:track)%00%(upstream:remotename)%00%(upstream:remoteref) refs/heads/master refs/remotes/master [31ms]
2023-06-17 13:13:37.945 [info] > git status -z -uall --find-renames=50% [6ms]
2023-06-17 13:13:37.945 [info] > git status -z -uall --find-renames=50% [23ms]
2023-06-17 13:13:37.945 [info] > git config --get commit.template [3ms]
2023-06-17 13:13:37.945 [info] No remotes found in the git config file.
2023-06-17 13:13:37.945 [info] > git for-each-ref --format=%(refname)%00%(upstream:short)%00%(objectname)%00%(upstream:track)%00%(upstream:remotename)%00%(upstream:remoteref) refs/heads/master refs/remotes/master [1ms]
2023-06-17 13:13:37.945 [info] > git status -z -uall --find-renames=50% [13ms]
2023-06-17 13:13:37.945 [info] > git check-ignore -v -z --stdin [8ms]
2023-06-17 13:13:37.945 [info] > git check-ignore -v -z --stdin [5ms]
2023-06-17 13:13:37.945 [info] > git rev-parse --show-toplevel [3ms]
2023-06-17 13:13:37.945 [info] fatal: not a git repository (or any of the parent directories): .git
2023-06-17 13:13:37.945 [info] > git rev-parse --show-toplevel [2ms]
2023-06-17 13:13:37.945 [info] fatal: not a git repository (or any of the parent directories): .git
2023-06-17 13:13:37.945 [info] > git rev-parse --show-toplevel [1ms]
2023-06-17 13:13:37.945 [info] fatal: not a git repository (or any of the parent directories): .git
2023-06-17 13:13:37.945 [info] > git rev-parse --show-toplevel [21ms]
2023-06-17 13:13:37.945 [info] fatal: not a git repository (or any of the parent directories): .git
