2023-06-16 09:09:31.134 [info] Log level: Info
2023-06-16 09:09:31.134 [info] Validating found git in: "git"
2023-06-16 09:09:31.134 [info] Using git "2.34.1" from "git"
2023-06-16 09:09:31.134 [info] > git rev-parse --show-toplevel [19ms]
2023-06-16 09:09:31.134 [info] fatal: not a git repository (or any of the parent directories): .git
2023-06-16 09:09:31.134 [info] > git rev-parse --show-toplevel [65ms]
2023-06-16 09:09:31.134 [info] fatal: not a git repository (or any of the parent directories): .git
2023-06-16 09:09:31.134 [info] > git rev-parse --show-toplevel [135ms]
2023-06-16 09:09:31.134 [info] fatal: not a git repository (or any of the parent directories): .git
2023-06-16 09:09:31.134 [info] > git rev-parse --show-toplevel [22ms]
2023-06-16 09:09:31.134 [info] fatal: not a git repository (or any of the parent directories): .git
2023-06-16 09:09:31.134 [info] > git rev-parse --show-toplevel [33ms]
2023-06-16 09:09:31.134 [info] fatal: not a git repository (or any of the parent directories): .git
2023-06-16 09:09:31.134 [info] > git rev-parse --show-toplevel [14ms]
2023-06-16 09:09:31.134 [info] > git rev-parse --git-dir --git-common-dir [17ms]
2023-06-16 09:09:31.134 [info] Open repository: /home/salah/.nvm
2023-06-16 09:09:31.134 [info] > git rev-parse --show-toplevel [17ms]
2023-06-16 09:09:31.134 [info] fatal: not a git repository (or any of the parent directories): .git
2023-06-16 09:09:31.134 [info] > git config --get commit.template [11ms]
2023-06-16 09:09:31.134 [info] > git rev-parse --show-toplevel [79ms]
2023-06-16 09:09:31.134 [info] fatal: not a git repository (or any of the parent directories): .git
2023-06-16 09:09:31.134 [info] > git for-each-ref --format %(refname) %(objectname) %(*objectname) refs/tags [88ms]
2023-06-16 09:09:31.134 [info] > git rev-parse --show-toplevel [21ms]
2023-06-16 09:09:31.134 [info] fatal: not a git repository (or any of the parent directories): .git
2023-06-16 09:09:31.152 [info] > git rev-parse --show-toplevel [21ms]
2023-06-16 09:09:31.214 [info] > git status -z -uall [98ms]
2023-06-16 09:09:31.214 [info] > git rev-parse --git-dir --git-common-dir [22ms]
2023-06-16 09:09:31.235 [info] Open repository: /home/salah/newapp
2023-06-16 09:09:31.296 [info] > git rev-parse --show-toplevel [44ms]
2023-06-16 09:09:31.296 [info] fatal: not a git repository (or any of the parent directories): .git
2023-06-16 09:09:31.332 [info] > git config --get commit.template [37ms]
2023-06-16 09:09:31.349 [info] No remotes found in the git config file.
2023-06-16 09:09:31.365 [info] > git for-each-ref --format=%(refname)%00%(upstream:short)%00%(objectname)%00%(upstream:track)%00%(upstream:remotename)%00%(upstream:remoteref) refs/heads/master refs/remotes/master [16ms]
2023-06-16 09:09:31.378 [info] > git config --get commit.template [49ms]
2023-06-16 09:09:31.380 [info] > git for-each-ref --format %(refname) %(objectname) %(*objectname) refs/tags [17ms]
2023-06-16 09:09:31.398 [info] > git status -z -uall [20ms]
2023-06-16 09:09:31.443 [info] No remotes found in the git config file.
2023-06-16 09:09:31.444 [info] > git status -z -uall [48ms]
2023-06-16 09:09:31.444 [info] > git config --get commit.template [20ms]
2023-06-16 09:09:31.455 [info] > git for-each-ref --format=%(refname)%00%(upstream:short)%00%(objectname)%00%(upstream:track)%00%(upstream:remotename)%00%(upstream:remoteref) refs/heads/master refs/remotes/master [12ms]
2023-06-16 09:09:31.470 [info] > git status -z -uall [7ms]
2023-06-16 09:09:32.039 [info] > git check-ignore -v -z --stdin [27ms]
2023-06-16 09:09:32.042 [info] > git check-ignore -v -z --stdin [11ms]
2023-06-16 09:29:13.865 [info] > git check-ignore -v -z --stdin [1ms]
2023-06-16 09:29:21.422 [info] > git rev-parse --show-toplevel [3ms]
2023-06-16 09:29:21.422 [info] fatal: not a git repository (or any of the parent directories): .git
