2023-06-15 13:35:16.144 [info] Extension host with pid 58056 started
2023-06-15 13:35:16.149 [error] Error: EEXIST: file already exists, open '/home/salah/.vscode-server/data/User/workspaceStorage/f6e15f5b556c6103e4734190b1f3baa9/vscode.lock'
2023-06-15 13:35:16.155 [info] Lock '/home/salah/.vscode-server/data/User/workspaceStorage/f6e15f5b556c6103e4734190b1f3baa9/vscode.lock': Could not acquire lock, checking if the file is stale.
2023-06-15 13:35:16.170 [info] Lock '/home/salah/.vscode-server/data/User/workspaceStorage/f6e15f5b556c6103e4734190b1f3baa9/vscode.lock': The lock does not look stale, elapsed: 759 ms, giving up.
2023-06-15 13:35:16.179 [info] Lock '/home/salah/.vscode-server/data/User/workspaceStorage/f6e15f5b556c6103e4734190b1f3baa9-1/vscode.lock': Lock acquired.
2023-06-15 13:35:17.592 [info] ExtensionService#_doActivateExtension vscode.emmet, startup: false, activationEvent: 'onLanguage'
2023-06-15 13:35:17.936 [info] ExtensionService#_doActivateExtension vscode.git-base, startup: true, activationEvent: '*', root cause: vscode.git
2023-06-15 13:35:17.945 [info] ExtensionService#_doActivateExtension vscode.npm, startup: true, activationEvent: 'workspaceContains:package.json'
2023-06-15 13:35:18.121 [info] ExtensionService#_doActivateExtension vscode.git, startup: true, activationEvent: '*'
2023-06-15 13:35:18.122 [info] ExtensionService#_doActivateExtension vscode.github, startup: true, activationEvent: '*'
2023-06-15 13:35:20.563 [info] Eager extensions activated
2023-06-15 13:35:20.564 [info] ExtensionService#_doActivateExtension vscode.debug-auto-launch, startup: false, activationEvent: 'onStartupFinished'
2023-06-15 13:35:20.564 [info] ExtensionService#_doActivateExtension vscode.merge-conflict, startup: false, activationEvent: 'onStartupFinished'
2023-06-15 13:35:25.195 [info] ExtensionService#_doActivateExtension vscode.typescript-language-features, startup: false, activationEvent: 'onLanguage:javascript'
2023-06-15 15:13:22.724 [info] ExtensionService#_doActivateExtension vscode.extension-editing, startup: false, activationEvent: 'onLanguage:json'
2023-06-15 15:13:22.724 [info] ExtensionService#_doActivateExtension vscode.json-language-features, startup: false, activationEvent: 'onLanguage:json'
2023-06-15 15:25:03.722 [info] ExtensionService#_doActivateExtension vscode.css-language-features, startup: false, activationEvent: 'onLanguage:css'
2023-06-16 02:35:34.851 [info] Extension host terminating: renderer disconnected for too long (1)
2023-06-16 02:35:34.852 [info] Lock '/home/salah/.vscode-server/data/User/workspaceStorage/f6e15f5b556c6103e4734190b1f3baa9-1/vscode.lock': Marking the lockfile as scheduled to be released in 6000 ms.
2023-06-16 02:35:34.898 [error] Canceled: Canceled
	at new l (/home/salah/.vscode-server/bin/4cb974a7aed77a74c7813bdccd99ee0d04901215/out/vs/workbench/api/node/extensionHostProcess.js:100:105905)
	at s.O (/home/salah/.vscode-server/bin/4cb974a7aed77a74c7813bdccd99ee0d04901215/out/vs/workbench/api/node/extensionHostProcess.js:112:11754)
	at Proxy.z.<computed>.H.charCodeAt.z.<computed> (/home/salah/.vscode-server/bin/4cb974a7aed77a74c7813bdccd99ee0d04901215/out/vs/workbench/api/node/extensionHostProcess.js:112:9029)
	at e.ExtHostCommands.g (/home/salah/.vscode-server/bin/4cb974a7aed77a74c7813bdccd99ee0d04901215/out/vs/workbench/api/node/extensionHostProcess.js:100:130078)
	at e.ExtHostCommands.executeCommand (/home/salah/.vscode-server/bin/4cb974a7aed77a74c7813bdccd99ee0d04901215/out/vs/workbench/api/node/extensionHostProcess.js:100:129454)
	at k.registerCommand.description (/home/salah/.vscode-server/bin/4cb974a7aed77a74c7813bdccd99ee0d04901215/out/vs/workbench/api/node/extensionHostProcess.js:100:128747)
	at e.ExtHostCommands.h (/home/salah/.vscode-server/bin/4cb974a7aed77a74c7813bdccd99ee0d04901215/out/vs/workbench/api/node/extensionHostProcess.js:100:130664)
	at e.ExtHostCommands.g (/home/salah/.vscode-server/bin/4cb974a7aed77a74c7813bdccd99ee0d04901215/out/vs/workbench/api/node/extensionHostProcess.js:100:129554)
	at e.ExtHostCommands.executeCommand (/home/salah/.vscode-server/bin/4cb974a7aed77a74c7813bdccd99ee0d04901215/out/vs/workbench/api/node/extensionHostProcess.js:100:129454)
	at Object.executeCommand (/home/salah/.vscode-server/bin/4cb974a7aed77a74c7813bdccd99ee0d04901215/out/vs/workbench/api/node/extensionHostProcess.js:118:24230)
	at D (/home/salah/.vscode-server/bin/4cb974a7aed77a74c7813bdccd99ee0d04901215/extensions/git/dist/main.js:2:1261260)
	at b.invoke (/home/salah/.vscode-server/bin/4cb974a7aed77a74c7813bdccd99ee0d04901215/out/vs/workbench/api/node/extensionHostProcess.js:63:145)
	at deliver (/home/salah/.vscode-server/bin/4cb974a7aed77a74c7813bdccd99ee0d04901215/out/vs/workbench/api/node/extensionHostProcess.js:63:2121)
	at n.fire (/home/salah/.vscode-server/bin/4cb974a7aed77a74c7813bdccd99ee0d04901215/out/vs/workbench/api/node/extensionHostProcess.js:63:1729)
	at Object.m [as dispose] (/home/salah/.vscode-server/bin/4cb974a7aed77a74c7813bdccd99ee0d04901215/extensions/git/dist/main.js:2:1276093)
	at /home/salah/.vscode-server/bin/4cb974a7aed77a74c7813bdccd99ee0d04901215/extensions/git/dist/main.js:2:1280594
	at Array.forEach (<anonymous>)
	at g.dispose (/home/salah/.vscode-server/bin/4cb974a7aed77a74c7813bdccd99ee0d04901215/extensions/git/dist/main.js:2:1280580)
	at r.<anonymous> (/home/salah/.vscode-server/bin/4cb974a7aed77a74c7813bdccd99ee0d04901215/out/vs/workbench/api/node/extensionHostProcess.js:98:12552)
	at r.dispose (/home/salah/.vscode-server/bin/4cb974a7aed77a74c7813bdccd99ee0d04901215/out/vs/workbench/api/node/extensionHostProcess.js:98:12687)
	at r.<anonymous> (/home/salah/.vscode-server/bin/4cb974a7aed77a74c7813bdccd99ee0d04901215/extensions/git/dist/main.js:2:1263390)
	at r.dispose (/home/salah/.vscode-server/bin/4cb974a7aed77a74c7813bdccd99ee0d04901215/out/vs/workbench/api/node/extensionHostProcess.js:98:12687)
	at I (/home/salah/.vscode-server/bin/4cb974a7aed77a74c7813bdccd99ee0d04901215/out/vs/workbench/api/node/extensionHostProcess.js:10:12083)
	at n.Z (/home/salah/.vscode-server/bin/4cb974a7aed77a74c7813bdccd99ee0d04901215/out/vs/workbench/api/node/extensionHostProcess.js:114:11285)
	at /home/salah/.vscode-server/bin/4cb974a7aed77a74c7813bdccd99ee0d04901215/out/vs/workbench/api/node/extensionHostProcess.js:114:9187
	at Array.map (<anonymous>)
	at n.S (/home/salah/.vscode-server/bin/4cb974a7aed77a74c7813bdccd99ee0d04901215/out/vs/workbench/api/node/extensionHostProcess.js:114:9175)
	at n.terminate (/home/salah/.vscode-server/bin/4cb974a7aed77a74c7813bdccd99ee0d04901215/out/vs/workbench/api/node/extensionHostProcess.js:114:9445)
	at h.terminate (/home/salah/.vscode-server/bin/4cb974a7aed77a74c7813bdccd99ee0d04901215/out/vs/workbench/api/node/extensionHostProcess.js:118:1544)
	at p (/home/salah/.vscode-server/bin/4cb974a7aed77a74c7813bdccd99ee0d04901215/out/vs/workbench/api/node/extensionHostProcess.js:128:34497)
	at H.a (/home/salah/.vscode-server/bin/4cb974a7aed77a74c7813bdccd99ee0d04901215/out/vs/workbench/api/node/extensionHostProcess.js:128:30965)
	at H.h (/home/salah/.vscode-server/bin/4cb974a7aed77a74c7813bdccd99ee0d04901215/out/vs/workbench/api/node/extensionHostProcess.js:67:18301)
	at listOnTimeout (node:internal/timers:559:17)
	at processTimers (node:internal/timers:502:7) setContext undefined
2023-06-16 02:35:34.898 [error] Canceled: Canceled
	at new l (/home/salah/.vscode-server/bin/4cb974a7aed77a74c7813bdccd99ee0d04901215/out/vs/workbench/api/node/extensionHostProcess.js:100:105905)
	at s.O (/home/salah/.vscode-server/bin/4cb974a7aed77a74c7813bdccd99ee0d04901215/out/vs/workbench/api/node/extensionHostProcess.js:112:11754)
	at Proxy.z.<computed>.H.charCodeAt.z.<computed> (/home/salah/.vscode-server/bin/4cb974a7aed77a74c7813bdccd99ee0d04901215/out/vs/workbench/api/node/extensionHostProcess.js:112:9029)
	at e.ExtHostCommands.g (/home/salah/.vscode-server/bin/4cb974a7aed77a74c7813bdccd99ee0d04901215/out/vs/workbench/api/node/extensionHostProcess.js:100:130078)
	at e.ExtHostCommands.executeCommand (/home/salah/.vscode-server/bin/4cb974a7aed77a74c7813bdccd99ee0d04901215/out/vs/workbench/api/node/extensionHostProcess.js:100:129454)
	at k.registerCommand.description (/home/salah/.vscode-server/bin/4cb974a7aed77a74c7813bdccd99ee0d04901215/out/vs/workbench/api/node/extensionHostProcess.js:100:128747)
	at e.ExtHostCommands.h (/home/salah/.vscode-server/bin/4cb974a7aed77a74c7813bdccd99ee0d04901215/out/vs/workbench/api/node/extensionHostProcess.js:100:130664)
	at e.ExtHostCommands.g (/home/salah/.vscode-server/bin/4cb974a7aed77a74c7813bdccd99ee0d04901215/out/vs/workbench/api/node/extensionHostProcess.js:100:129554)
	at e.ExtHostCommands.executeCommand (/home/salah/.vscode-server/bin/4cb974a7aed77a74c7813bdccd99ee0d04901215/out/vs/workbench/api/node/extensionHostProcess.js:100:129454)
	at Object.executeCommand (/home/salah/.vscode-server/bin/4cb974a7aed77a74c7813bdccd99ee0d04901215/out/vs/workbench/api/node/extensionHostProcess.js:118:24230)
	at D (/home/salah/.vscode-server/bin/4cb974a7aed77a74c7813bdccd99ee0d04901215/extensions/git/dist/main.js:2:1261260)
	at b.invoke (/home/salah/.vscode-server/bin/4cb974a7aed77a74c7813bdccd99ee0d04901215/out/vs/workbench/api/node/extensionHostProcess.js:63:145)
	at deliver (/home/salah/.vscode-server/bin/4cb974a7aed77a74c7813bdccd99ee0d04901215/out/vs/workbench/api/node/extensionHostProcess.js:63:2121)
	at n.fire (/home/salah/.vscode-server/bin/4cb974a7aed77a74c7813bdccd99ee0d04901215/out/vs/workbench/api/node/extensionHostProcess.js:63:1729)
	at Object.m [as dispose] (/home/salah/.vscode-server/bin/4cb974a7aed77a74c7813bdccd99ee0d04901215/extensions/git/dist/main.js:2:1276093)
	at /home/salah/.vscode-server/bin/4cb974a7aed77a74c7813bdccd99ee0d04901215/extensions/git/dist/main.js:2:1280594
	at Array.forEach (<anonymous>)
	at g.dispose (/home/salah/.vscode-server/bin/4cb974a7aed77a74c7813bdccd99ee0d04901215/extensions/git/dist/main.js:2:1280580)
	at r.<anonymous> (/home/salah/.vscode-server/bin/4cb974a7aed77a74c7813bdccd99ee0d04901215/out/vs/workbench/api/node/extensionHostProcess.js:98:12552)
	at r.dispose (/home/salah/.vscode-server/bin/4cb974a7aed77a74c7813bdccd99ee0d04901215/out/vs/workbench/api/node/extensionHostProcess.js:98:12687)
	at r.<anonymous> (/home/salah/.vscode-server/bin/4cb974a7aed77a74c7813bdccd99ee0d04901215/extensions/git/dist/main.js:2:1263390)
	at r.dispose (/home/salah/.vscode-server/bin/4cb974a7aed77a74c7813bdccd99ee0d04901215/out/vs/workbench/api/node/extensionHostProcess.js:98:12687)
	at I (/home/salah/.vscode-server/bin/4cb974a7aed77a74c7813bdccd99ee0d04901215/out/vs/workbench/api/node/extensionHostProcess.js:10:12083)
	at n.Z (/home/salah/.vscode-server/bin/4cb974a7aed77a74c7813bdccd99ee0d04901215/out/vs/workbench/api/node/extensionHostProcess.js:114:11285)
	at /home/salah/.vscode-server/bin/4cb974a7aed77a74c7813bdccd99ee0d04901215/out/vs/workbench/api/node/extensionHostProcess.js:114:9187
	at Array.map (<anonymous>)
	at n.S (/home/salah/.vscode-server/bin/4cb974a7aed77a74c7813bdccd99ee0d04901215/out/vs/workbench/api/node/extensionHostProcess.js:114:9175)
	at n.terminate (/home/salah/.vscode-server/bin/4cb974a7aed77a74c7813bdccd99ee0d04901215/out/vs/workbench/api/node/extensionHostProcess.js:114:9445)
	at h.terminate (/home/salah/.vscode-server/bin/4cb974a7aed77a74c7813bdccd99ee0d04901215/out/vs/workbench/api/node/extensionHostProcess.js:118:1544)
	at p (/home/salah/.vscode-server/bin/4cb974a7aed77a74c7813bdccd99ee0d04901215/out/vs/workbench/api/node/extensionHostProcess.js:128:34497)
	at H.a (/home/salah/.vscode-server/bin/4cb974a7aed77a74c7813bdccd99ee0d04901215/out/vs/workbench/api/node/extensionHostProcess.js:128:30965)
	at H.h (/home/salah/.vscode-server/bin/4cb974a7aed77a74c7813bdccd99ee0d04901215/out/vs/workbench/api/node/extensionHostProcess.js:67:18301)
	at listOnTimeout (node:internal/timers:559:17)
	at processTimers (node:internal/timers:502:7) setContext undefined
2023-06-16 02:35:34.900 [error] Canceled: Canceled
	at new l (/home/salah/.vscode-server/bin/4cb974a7aed77a74c7813bdccd99ee0d04901215/out/vs/workbench/api/node/extensionHostProcess.js:100:105905)
	at s.O (/home/salah/.vscode-server/bin/4cb974a7aed77a74c7813bdccd99ee0d04901215/out/vs/workbench/api/node/extensionHostProcess.js:112:11754)
	at Proxy.z.<computed>.H.charCodeAt.z.<computed> (/home/salah/.vscode-server/bin/4cb974a7aed77a74c7813bdccd99ee0d04901215/out/vs/workbench/api/node/extensionHostProcess.js:112:9029)
	at e.ExtHostCommands.g (/home/salah/.vscode-server/bin/4cb974a7aed77a74c7813bdccd99ee0d04901215/out/vs/workbench/api/node/extensionHostProcess.js:100:130078)
	at e.ExtHostCommands.executeCommand (/home/salah/.vscode-server/bin/4cb974a7aed77a74c7813bdccd99ee0d04901215/out/vs/workbench/api/node/extensionHostProcess.js:100:129454)
	at k.registerCommand.description (/home/salah/.vscode-server/bin/4cb974a7aed77a74c7813bdccd99ee0d04901215/out/vs/workbench/api/node/extensionHostProcess.js:100:128747)
	at e.ExtHostCommands.h (/home/salah/.vscode-server/bin/4cb974a7aed77a74c7813bdccd99ee0d04901215/out/vs/workbench/api/node/extensionHostProcess.js:100:130664)
	at e.ExtHostCommands.g (/home/salah/.vscode-server/bin/4cb974a7aed77a74c7813bdccd99ee0d04901215/out/vs/workbench/api/node/extensionHostProcess.js:100:129554)
	at e.ExtHostCommands.executeCommand (/home/salah/.vscode-server/bin/4cb974a7aed77a74c7813bdccd99ee0d04901215/out/vs/workbench/api/node/extensionHostProcess.js:100:129454)
	at Object.executeCommand (/home/salah/.vscode-server/bin/4cb974a7aed77a74c7813bdccd99ee0d04901215/out/vs/workbench/api/node/extensionHostProcess.js:118:24230)
	at p.VscodeDevShareProvider.set b [as b] (/home/salah/.vscode-server/bin/4cb974a7aed77a74c7813bdccd99ee0d04901215/extensions/github/dist/extension.js:2:152873)
	at /home/salah/.vscode-server/bin/4cb974a7aed77a74c7813bdccd99ee0d04901215/extensions/github/dist/extension.js:2:153583
	at /home/salah/.vscode-server/bin/4cb974a7aed77a74c7813bdccd99ee0d04901215/extensions/git/dist/main.js:2:1348853
	at b.invoke (/home/salah/.vscode-server/bin/4cb974a7aed77a74c7813bdccd99ee0d04901215/out/vs/workbench/api/node/extensionHostProcess.js:63:145)
	at deliver (/home/salah/.vscode-server/bin/4cb974a7aed77a74c7813bdccd99ee0d04901215/out/vs/workbench/api/node/extensionHostProcess.js:63:2121)
	at n.fire (/home/salah/.vscode-server/bin/4cb974a7aed77a74c7813bdccd99ee0d04901215/out/vs/workbench/api/node/extensionHostProcess.js:63:1729)
	at Object.m [as dispose] (/home/salah/.vscode-server/bin/4cb974a7aed77a74c7813bdccd99ee0d04901215/extensions/git/dist/main.js:2:1276093)
	at /home/salah/.vscode-server/bin/4cb974a7aed77a74c7813bdccd99ee0d04901215/extensions/git/dist/main.js:2:1280594
	at Array.forEach (<anonymous>)
	at g.dispose (/home/salah/.vscode-server/bin/4cb974a7aed77a74c7813bdccd99ee0d04901215/extensions/git/dist/main.js:2:1280580)
	at r.<anonymous> (/home/salah/.vscode-server/bin/4cb974a7aed77a74c7813bdccd99ee0d04901215/out/vs/workbench/api/node/extensionHostProcess.js:98:12552)
	at r.dispose (/home/salah/.vscode-server/bin/4cb974a7aed77a74c7813bdccd99ee0d04901215/out/vs/workbench/api/node/extensionHostProcess.js:98:12687)
	at r.<anonymous> (/home/salah/.vscode-server/bin/4cb974a7aed77a74c7813bdccd99ee0d04901215/extensions/git/dist/main.js:2:1263390)
	at r.dispose (/home/salah/.vscode-server/bin/4cb974a7aed77a74c7813bdccd99ee0d04901215/out/vs/workbench/api/node/extensionHostProcess.js:98:12687)
	at I (/home/salah/.vscode-server/bin/4cb974a7aed77a74c7813bdccd99ee0d04901215/out/vs/workbench/api/node/extensionHostProcess.js:10:12083)
	at n.Z (/home/salah/.vscode-server/bin/4cb974a7aed77a74c7813bdccd99ee0d04901215/out/vs/workbench/api/node/extensionHostProcess.js:114:11285)
	at /home/salah/.vscode-server/bin/4cb974a7aed77a74c7813bdccd99ee0d04901215/out/vs/workbench/api/node/extensionHostProcess.js:114:9187
	at Array.map (<anonymous>)
	at n.S (/home/salah/.vscode-server/bin/4cb974a7aed77a74c7813bdccd99ee0d04901215/out/vs/workbench/api/node/extensionHostProcess.js:114:9175)
	at n.terminate (/home/salah/.vscode-server/bin/4cb974a7aed77a74c7813bdccd99ee0d04901215/out/vs/workbench/api/node/extensionHostProcess.js:114:9445)
	at h.terminate (/home/salah/.vscode-server/bin/4cb974a7aed77a74c7813bdccd99ee0d04901215/out/vs/workbench/api/node/extensionHostProcess.js:118:1544)
	at p (/home/salah/.vscode-server/bin/4cb974a7aed77a74c7813bdccd99ee0d04901215/out/vs/workbench/api/node/extensionHostProcess.js:128:34497)
	at H.a (/home/salah/.vscode-server/bin/4cb974a7aed77a74c7813bdccd99ee0d04901215/out/vs/workbench/api/node/extensionHostProcess.js:128:30965)
	at H.h (/home/salah/.vscode-server/bin/4cb974a7aed77a74c7813bdccd99ee0d04901215/out/vs/workbench/api/node/extensionHostProcess.js:67:18301)
	at listOnTimeout (node:internal/timers:559:17)
	at processTimers (node:internal/timers:502:7) setContext undefined
2023-06-16 02:35:34.935 [info] Extension host with pid 58056 exiting with code 0
